#
#model:
#
#<?xml version="1.0" encoding="UTF-8" standalone="no"?><input id="posterior" spec="beast.core.util.CompoundDistribution">
#    <distribution id="prior" spec="beast.core.util.CompoundDistribution">
#        <distribution id="BDSKY_Serial" spec="beast.evolution.speciation.BirthDeathSkylineModel">
#            <parameter id="origin" lower="0.0" name="origin" spec="beast.core.parameter.RealParameter" upper="Infinity">10.0</parameter>
#            <parameter id="reproductiveNumber" lower="0.0" name="reproductiveNumber" spec="beast.core.parameter.RealParameter" upper="Infinity">2.0</parameter>
#            <parameter id="becomeUninfectiousRate" lower="0.0" name="becomeUninfectiousRate" spec="beast.core.parameter.RealParameter" upper="Infinity">1.0</parameter>
#            <parameter id="samplingProportion" lower="0.0" name="samplingProportion" spec="beast.core.parameter.RealParameter" upper="1.0">0.5</parameter>
#            <tree IsLabelledNewick="true" adjustTipHeights="false" id="Tree" newick="(((((91_3.011936986381544:0.004794206077949337,((((30_5.313962842460481:0.6541837247079645,52_4.807068730995409:0.1472896132428927):0.3827797246650926,53_4.805631474000208:0.528632080912784):0.6521040421531703,77_3.810849625651012:0.1859542747167584):0.5526623291818913,(((((16_5.5955056019372:0.40721815766078784,(33_5.216173388820731:0.020057494476635185,4_5.92365551663443:0.7275396222903341):0.007828450067683512):0.5997091117617002,(41_5.099338774277806:0.3068239185107666,10_5.726417324206633:0.9339024684395936):0.20393652325232736):0.943685386052008,((19_5.569213732670638:0.8515530192550393,(8_5.7406739188496685:0.982189768409433,((20_5.549677743699265:0.003641774900513539,12_5.668796740204041:0.1227607714052894):0.5655783042056637,3_5.994475573642914:1.0140179090498265):0.22197351415285205):0.04082343702463653):0.49214091486485145,64_4.4652464499549005:0.23972665140415295):0.5806268520880438):0.2939696003746919,(80_3.5797802779741525:0.19505658861912556,((81_3.486869885678975:0.004335281576461902,(68_4.3529110660476436:0.4094883090522692,(((((25_5.477940509485997:0.5051357405361045,29_5.317242628211681:0.34443785926178894):0.45570830191084344,(((1_5.99747601080742:0.7920268832671713,22_5.543571624451352:0.33812249691110363):0.14863664468477822,(7_5.7433739624700735:0.6447786835547982,38_5.189896763128144:0.09130148421286854):0.04178279605980517):0.027495823068981906,(17_5.580602386997054:0.4593696965368643,28_5.381645328210049:0.2604126377498597):0.09191603067370124):0.5122201927474395):0.14223370529137735,49_4.922059386706297:0.5471966249586258):0.06385394281023338,(24_5.500756997546843:0.8680672165069314,2_5.996879354955974:1.3641895739160619):0.3216809621024739):0.013338317346061501,((9_5.7334753788831:0.048962696099493996,5_5.798434608882335:0.11392192609872875):1.349482297916432,(32_5.247765529237576:0.5036880078887638,43_5.060120098353055:0.316042577004243):0.4090471364816377):0.037359883275797756):0.35424774459600217):0.4608881528928612):0.0790423342109805,58_4.7351462472769414:1.3316539773854088):0.018768580536505652):0.03380034326701509):0.19471982672681776,(18_5.580379974111513:0.03811652538575938,15_5.596222030305198:0.053958581579444775):2.3860599293645595):0.0839704976088318):0.06509024144876774):0.28752388987655264,92_3.010165999137028:0.290547108709986):0.23464236329175758,96_2.5015746020563365:0.01659807492105214):0.13121898915921415,89_3.0934418895589717:0.7396843515829015):0.455041970919293,(84_3.40865750688274:0.7910706275104111,(((65_4.375220150392227:0.02500232773571298,(6_5.786426640441415:0.960022690713731,(14_5.608933179351529:0.20617340202138035,26_5.4713240746598375:0.06856429732968916):0.5763558276024643):0.4761861270711698):0.24418494350479492,(31_5.252648071567963:0.4483909547416509,(13_5.66835258685449:0.7933154118162555,(34_5.21496752841798:0.17439293346175688,35_5.214210205712934:0.17363561075671097):0.16553741991798887):0.07078005821192246):0.6982242376745926):0.6644101857598601,66_4.37515028650457:0.9335275931127107):0.8240358140195303):0.7188713123155517);" spec="beast.util.TreeParser">
#                <trait id="dateTrait" spec="beast.evolution.tree.TraitSet" traitname="date" value="1_5.99747601080742=5.99747601080742,2_5.996879354955974=5.996879354955974,3_5.994475573642914=5.994475573642914,4_5.92365551663443=5.92365551663443,5_5.798434608882335=5.798434608882335,6_5.786426640441415=5.786426640441415,7_5.7433739624700735=5.7433739624700735,8_5.7406739188496685=5.7406739188496685,9_5.7334753788831=5.7334753788831,10_5.726417324206633=5.726417324206633,12_5.668796740204041=5.668796740204041,13_5.66835258685449=5.66835258685449,14_5.608933179351529=5.608933179351529,15_5.596222030305198=5.596222030305198,16_5.5955056019372=5.5955056019372,17_5.580602386997054=5.580602386997054,18_5.580379974111513=5.580379974111513,19_5.569213732670638=5.569213732670638,20_5.549677743699265=5.549677743699265,22_5.543571624451352=5.543571624451352,24_5.500756997546843=5.500756997546843,25_5.477940509485997=5.477940509485997,26_5.4713240746598375=5.4713240746598375,28_5.381645328210049=5.381645328210049,29_5.317242628211681=5.317242628211681,30_5.313962842460481=5.313962842460481,31_5.252648071567963=5.252648071567963,32_5.247765529237576=5.247765529237576,33_5.216173388820731=5.216173388820731,34_5.21496752841798=5.21496752841798,35_5.214210205712934=5.214210205712934,38_5.189896763128144=5.189896763128144,41_5.099338774277806=5.099338774277806,43_5.060120098353055=5.060120098353055,49_4.922059386706297=4.922059386706297,52_4.807068730995409=4.807068730995409,53_4.805631474000208=4.805631474000208,58_4.7351462472769414=4.7351462472769414,64_4.4652464499549005=4.4652464499549005,65_4.375220150392227=4.375220150392227,66_4.37515028650457=4.37515028650457,68_4.3529110660476436=4.3529110660476436,77_3.810849625651012=3.810849625651012,80_3.5797802779741525=3.5797802779741525,81_3.486869885678975=3.486869885678975,84_3.40865750688274=3.40865750688274,89_3.0934418895589717=3.0934418895589717,91_3.011936986381544=3.011936986381544,92_3.010165999137028=3.010165999137028,96_2.5015746020563365=2.5015746020563365">
#                    <taxa alignment="@SequenceSimulator" id="taxonSet.SequenceSimulator" spec="beast.evolution.alignment.TaxonSet"/>
#                </trait>
#                <taxonset idref="taxonSet.SequenceSimulator"/>
#            </tree>
#        </distribution>
#        <prior id="becomeUninfectiousRatePrior" name="distribution" x="@becomeUninfectiousRate">
#            <Exponential id="Exponential.21" name="distr">
#                <parameter estimate="false" id="RealParameter.21" name="mean" spec="beast.core.parameter.RealParameter">1.0</parameter>
#            </Exponential>
#        </prior>
#        <prior id="ClockPrior" name="distribution">
#            <parameter id="clockRate" name="x" spec="beast.core.parameter.RealParameter">0.001</parameter>
#            <Exponential id="Exponential.1" name="distr">
#                <parameter estimate="false" id="RealParameter.11" name="mean" spec="beast.core.parameter.RealParameter">0.001</parameter>
#            </Exponential>
#        </prior>
#        <prior id="GammaShapePrior" name="distribution">
#            <parameter id="gammaShape" name="x" spec="beast.core.parameter.RealParameter">1.0</parameter>
#            <Exponential id="Exponential.0" name="distr">
#                <parameter estimate="false" id="RealParameter.0" name="mean" spec="beast.core.parameter.RealParameter">1.0</parameter>
#            </Exponential>
#        </prior>
#        <prior id="KappaPrior" name="distribution">
#            <parameter id="kappa" lower="0.0" name="x" spec="beast.core.parameter.RealParameter">5.0</parameter>
#            <LogNormal id="LogNormalDistributionModel.0" name="distr">
#                <parameter estimate="false" id="RealParameter.1" name="M" spec="beast.core.parameter.RealParameter">1.0</parameter>
#                <parameter estimate="false" id="RealParameter.2" name="S" spec="beast.core.parameter.RealParameter">1.25</parameter>
#            </LogNormal>
#        </prior>
#        <prior id="originPrior" name="distribution" x="@origin">
#            <Exponential id="Exponential.3" name="distr">
#                <parameter estimate="false" id="RealParameter.13" name="mean" spec="beast.core.parameter.RealParameter">5.0</parameter>
#            </Exponential>
#        </prior>
#        <prior id="reproductiveNumberPrior" name="distribution" x="@reproductiveNumber">
#            <Exponential id="Exponential.20" name="distr">
#                <parameter estimate="false" id="RealParameter.20" name="mean" spec="beast.core.parameter.RealParameter">2.0</parameter>
#            </Exponential>
#        </prior>
#        <prior id="samplingProportionPrior" name="distribution" x="@samplingProportion">
#            <Beta id="Beta.1" name="distr">
#                <parameter estimate="false" id="RealParameter.9" name="alpha" spec="beast.core.parameter.RealParameter">1.0</parameter>
#                <parameter estimate="false" id="RealParameter.10" name="beta" spec="beast.core.parameter.RealParameter">1.0</parameter>
#            </Beta>
#        </prior>
#    </distribution>
#    <distribution id="likelihood" spec="beast.core.util.CompoundDistribution" useThreads="true">
#        <distribution data="@SequenceSimulator" id="treeLikelihood.SequenceSimulator" spec="beast.evolution.likelihood.ThreadedTreeLikelihood" tree="@Tree">
#            <siteModel gammaCategoryCount="4" id="SiteModel" shape="@gammaShape" spec="beast.evolution.sitemodel.SiteModel">
#                <parameter estimate="false" id="mutationRate" name="mutationRate" spec="beast.core.parameter.RealParameter">1.0</parameter>
#                <parameter estimate="false" id="proportionInvariant" lower="0.0" name="proportionInvariant" spec="beast.core.parameter.RealParameter" upper="1.0">0.0</parameter>
#                <substModel id="hky" kappa="@kappa" spec="beast.evolution.substitutionmodel.HKY">
#                    <frequencies data="@SequenceSimulator" estimate="false" id="equalFreqs" spec="beast.evolution.substitutionmodel.Frequencies"/>
#                </substModel>
#            </siteModel>
#            <branchRateModel clock.rate="@clockRate" id="StrictClock" spec="beast.evolution.branchratemodel.StrictClockModel"/>
#        </distribution>
#    </distribution>
#</input>
#
Sample	posterior	likelihood	prior	treeLikelihood	TreeHeight	clockRate	gammaShape	kappa	BDSKY_Serial	origin	becomeUninfectiousRate	reproductiveNumber	samplingProportion
0	-17346.054768233247	-17272.49180701035	-73.56296122289977	-17272.49180701035	4.098760443750642	0.001	1.0	5.0	-69.29775874981902	10.0	1.0	2.0	0.5
1000	-17346.184030940985	-17277.54080402606	-68.64322691492747	-17277.54080402606	4.640746907352321	8.724997395930193E-4	0.6973796344645415	5.0	-65.11371117876166	5.822403230357817	1.7973451343270503	1.465216217257805	0.25562902160878
2000	-17343.50831911438	-17275.24272980293	-68.26558931145067	-17275.24272980293	4.351367457497701	8.018745010540963E-4	0.6973796344645415	5.0	-65.66112199514599	4.8752212547097455	0.7709455934718614	2.1880417265829912	0.511538232720095
3000	-17340.34820614527	-17274.41453317731	-65.93367296795952	-17274.41453317731	4.433122057157143	8.968808901505885E-4	1.1389841874100324	5.336755588294149	-61.96962488837744	4.848100587148516	1.8318388003433512	1.5391186106973456	0.13690061848547205
4000	-17339.728861875086	-17276.397633027227	-63.33122884786047	-17276.397633027227	4.38618525030761	8.974288890037433E-4	1.1389841874100324	5.336755588294149	-59.986269393513965	4.848100587148516	0.6866375098846694	2.590247943437234	0.7715586718739496
5000	-17340.48094886974	-17279.37394060444	-61.10700826529927	-17279.37394060444	4.141318634634643	8.478460999440978E-4	1.1389841874100324	5.336755588294149	-58.01350583845687	4.709181248619394	0.9206426167788606	1.7740569881715542	0.6519381123401999
6000	-17345.779930699824	-17278.727176388053	-67.05275431177095	-17278.727176388053	4.397473112161597	8.7099999987017E-4	1.1389841874100324	5.336755588294149	-64.01528567557159	4.7065307499075	1.0269469441872638	1.4041331517013098	0.7516033125272191
7000	-17340.81197151643	-17281.484737856117	-59.32723366031159	-17281.484737856117	4.266173416476496	9.128273584554896E-4	2.079969191353236	5.336755588294149	-55.306924876156565	4.528478993054754	0.6832598807765214	2.1627835521181673	0.9765037909980836
8000	-17344.846709237238	-17284.08837913842	-60.75833009881785	-17284.08837913842	4.394975207895644	9.413277131123342E-4	2.3005123618395626	6.4385746869612595	-56.18200499246925	4.875812524567881	0.861776263279338	1.720767176245915	0.8415614280045313
9000	-17349.421380427408	-17289.821215169442	-59.60016525796514	-17289.821215169442	3.9134703110415936	9.975249979516123E-4	1.8723642082104974	6.4385746869612595	-54.847219476695805	4.768179799031294	0.9907288860900909	2.6030581082601083	0.43657458618860673
10000	-17338.505660681778	-17281.034791410326	-57.47086927145244	-17281.034791410326	3.8485219803922592	9.169900262927523E-4	1.8723642082104974	5.14498307913776	-53.32044556889789	4.16903931470276	1.4844233075440836	1.4752824449873037	0.43381165980096137
11000	-17347.500327869766	-17286.41461264035	-61.08571522941541	-17286.41461264035	3.8806008800614036	9.208108764810635E-4	1.8723642082104974	3.9438603781206747	-56.664040614276544	4.060544926932047	2.1933511045135865	1.3392930353051051	0.1919940121503602
12000	-17339.009410289724	-17278.975780881927	-60.033629407796894	-17278.975780881927	3.8806008800614036	8.777454640537355E-4	1.8723642082104974	3.9438603781206747	-56.60160917578082	4.060544926932047	1.0950235734475	1.6427701560463375	0.5973012277736459
13000	-17339.184578638142	-17275.286043074353	-63.89853556379052	-17275.286043074353	3.964933448964142	8.87083161472979E-4	1.8723642082104974	3.9438603781206747	-60.39263961029228	4.295981844004261	0.5230586800198943	2.8216012241985133	0.9287257241233736
14000	-17346.12359897194	-17281.978741175448	-64.14485779649154	-17281.978741175448	3.9421703308649207	9.256602035936915E-4	2.5212102238632976	4.329840453882592	-60.015721007056065	4.295981844004261	0.8457170174746695	1.8111207153225075	0.8509327918344828
15000	-17348.351822503668	-17286.831672373133	-61.52015013053523	-17286.831672373133	4.223051377386992	8.913873560191276E-4	1.3728009182034528	4.329840453882592	-58.31117955908479	4.532987199207295	0.7559860599973486	2.4208123586946946	0.7245326584835362
16000	-17348.32188955672	-17284.213451603202	-64.10843795351683	-17284.213451603202	4.281937125395553	9.429473348047774E-4	1.1578261453415737	4.329840453882592	-60.94360628040971	5.0328602629740775	0.768157501720355	2.4350720412078033	0.6495105084051949
17000	-17351.466956307882	-17285.012739583683	-66.45421672419857	-17285.012739583683	4.2559993023142235	9.140579446231964E-4	1.1578261453415737	5.007590047042261	-62.60088569533227	4.7038850434734	0.540269573074752	4.066177307059993	0.5693015628014699
18000	-17339.58002949739	-17274.611961558418	-64.96806793897304	-17274.611961558418	4.702687476653027	8.810816040643749E-4	0.9617969028514215	4.036775388903357	-62.18033572965733	4.9750867075401635	1.2016831576336147	1.5315084777973906	0.5746787723237062
19000	-17339.706440142632	-17279.696722639474	-60.00971750315868	-17279.696722639474	4.091102188723187	9.285697143125785E-4	0.9617969028514215	3.954590470725945	-57.52192957269707	4.151179756952939	0.8945145805083562	1.831822675449916	0.5718710271070012
20000	-17341.727470072175	-17280.213147080314	-61.51432299186001	-17280.213147080314	4.108457815471403	9.122688812143501E-4	0.9617969028514215	3.954590470725945	-58.7751478559127	4.419626650034467	0.6126174072156397	2.823614341970594	0.6476960157649587
21000	-17334.731982476434	-17269.634688324535	-65.09729415189989	-17269.634688324535	4.177676745052365	8.840372255910738E-4	0.7633427966854575	3.954590470725945	-62.31902426880584	4.71342644554725	0.6998944163483276	3.0631014233720637	0.6387763581175252
22000	-17343.125328275968	-17275.189981881274	-67.93534639469301	-17275.189981881274	4.419053220367522	8.125748465731486E-4	0.7633427966854575	3.954590470725945	-65.66927561742804	4.71342644554725	0.5596906358041649	2.46203553083809	0.9688143308430085
23000	-17349.506993750092	-17277.91152456206	-71.59546918803414	-17277.91152456206	4.413809995579155	8.189297559879859E-4	0.9200709547233406	4.920775908069337	-68.36796287109242	5.167293356413234	1.427345270132533	1.5692377056542601	0.31279001294622794
24000	-17353.341187086502	-17280.812164168965	-72.52902291753823	-17280.812164168965	4.762700937675196	8.131120525335561E-4	1.4076752953772815	4.920775908069337	-68.29015413231609	5.167293356413234	2.0362053786389636	1.4106691508031644	0.13953371235762058
25000	-17346.406040842765	-17272.062011295377	-74.34402954738984	-17272.062011295377	4.754588780133261	7.94111310937916E-4	1.4076752953772815	4.920775908069337	-70.78681602704276	5.242745144067547	0.7671955354886771	2.5931990754831578	0.6871743696780267
26000	-17353.727172559058	-17275.36497580929	-78.36219674976795	-17275.36497580929	4.898183054003635	7.414723240832851E-4	1.4076752953772815	4.920775908069337	-75.21292504860658	5.478662264804753	0.5892691597063257	2.1440793140908516	0.7026910783295708
27000	-17351.779828266157	-17280.64854276531	-71.13128550084889	-17280.64854276531	4.651964864623486	8.547340517594917E-4	1.4076752953772815	4.920775908069337	-67.65369714323141	4.671344468134685	0.670902768737831	2.7338490722556514	0.5098957158637534
28000	-17357.44895109115	-17280.357522427683	-77.09142866346909	-17280.357522427683	4.65399851184398	6.881759548988831E-4	1.4076752953772815	4.920775908069337	-73.34247226043558	5.310082058108197	0.4523284105244544	3.791355037246243	0.65056928848316
29000	-17353.286133910548	-17279.193282534146	-74.09285137640055	-17279.193282534146	4.65399851184398	7.359779397438624E-4	0.4611119113739592	4.920775908069337	-72.05361805232208	4.736326462174524	0.66670372888242	1.9701832793104173	0.7832621141250146
30000	-17345.66342552883	-17274.253537489818	-71.40988803901026	-17274.253537489818	4.1668036715296335	7.963857019561331E-4	0.9003269531503457	4.920775908069337	-68.58562224902714	4.5109384882477555	0.4915347490193346	2.9814957524392716	0.7413874869977072
31000	-17344.77898763008	-17274.87633220438	-69.90265542569871	-17274.87633220438	4.141847785125797	8.770152929936689E-4	1.1531931868181442	4.920775908069337	-66.89978865617147	4.601760213020479	0.606392843259411	2.405661183727627	0.8821174356239467
32000	-17347.627618109716	-17280.11494675467	-67.51267135504362	-17280.11494675467	4.728995173237798	7.647709867106159E-4	0.5117881005475903	3.3155929531711936	-65.43372745097315	4.768319053930954	0.5770835626041321	3.0469260069346773	0.8518953152506041
33000	-17344.50731016037	-17276.490899438064	-68.01641072230593	-17276.490899438064	4.628957241032152	7.831097971277552E-4	1.1239474975890373	3.9289470786889154	-65.11405830925422	5.268961301096909	0.7027559090906711	2.5800807327868984	0.5451313148420178
34000	-17340.461641876886	-17269.56284346897	-70.89879840791454	-17269.56284346897	4.487728732494557	7.98732011794488E-4	2.184847738975527	3.9289470786889154	-66.59265002175513	6.735533250412192	1.1149099422583688	1.823690920834356	0.34056157916449425
35000	-17343.562936366863	-17273.074773772183	-70.4881625946802	-17273.074773772183	4.420960373635247	8.157458329375322E-4	2.184847738975527	3.9289470786889154	-66.3772934160854	6.312728190893259	0.8392822763331922	2.119482219076966	0.649908282511678
36000	-17357.448126248877	-17287.607921239636	-69.84020500924096	-17287.607921239636	4.573470553124385	8.509427811228051E-4	2.184847738975527	3.426320181221852	-66.07044731542173	5.555710240021475	0.8963784526934367	1.881800701309481	0.6218366722993084
37000	-17345.570801899958	-17275.267737482907	-70.3030644170499	-17275.267737482907	4.25029148248973	8.250062077698962E-4	2.184847738975527	4.657340928227011	-66.04626572734992	4.252718183523549	0.6062631717880397	3.2440122304171095	0.8161082844205078
38000	-17344.98491279059	-17275.264639348177	-69.72027344241492	-17275.264639348177	4.594031510685771	7.560532137481312E-4	2.184847738975527	4.657340928227011	-65.97517693457867	4.62295062418673	0.7817967921047704	1.8593536378344642	0.6814782400756348
39000	-17337.28829963306	-17270.307172871493	-66.98112676156701	-17270.307172871493	4.4410001646629995	8.602284012103602E-4	1.9226959700288815	4.657340928227011	-63.033615321769354	4.736523207507651	0.6254502008159359	2.847400813975405	0.6877146090382252
40000	-17341.056707414755	-17273.985529632995	-67.0711777817614	-17273.985529632995	4.706063530901743	8.659557683010988E-4	1.9226959700288815	4.657340928227011	-62.97579245969197	4.776190153516191	1.311230949052266	1.7442655694613924	0.29743987125558774
41000	-17342.08604956427	-17273.454377267764	-68.63167229650477	-17273.454377267764	4.714831170873572	8.423779780653512E-4	1.9226959700288815	4.657340928227011	-64.80874382580743	5.199490423095079	0.7911011526313716	2.117446932198975	0.7298486587557629
42000	-17346.419182837162	-17280.170974567343	-66.24820826981778	-17280.170974567343	4.2231761981479075	9.087811757694356E-4	1.9226959700288815	4.657340928227011	-62.430034089035054	4.43416225935083	0.7112009280032688	2.441063671715439	0.9529836179925522
43000	-17344.218364837972	-17278.34227690418	-65.8760879337915	-17278.34227690418	4.296170306101145	9.024004442395012E-4	1.6591506733128387	4.657340928227011	-62.04849123359586	4.786147827256945	0.99569742498299	2.289973545911322	0.2730213475019291
44000	-17335.41262254615	-17272.08290543907	-63.329717107079226	-17272.08290543907	4.585110751482682	9.835417153871019E-4	0.6945352811546097	4.657340928227011	-60.64194762859506	4.987614798892475	0.9721810452225181	1.7437133153763769	0.5046068125187626
45000	-17338.5957851277	-17281.227402477234	-57.36838265046773	-17281.227402477234	4.28660641530043	9.080725644919391E-4	0.6945352811546097	4.657340928227011	-54.65136416246798	4.885424639343836	1.060916622117931	1.8165545462265147	0.5757228638820918
46000	-17340.009052544046	-17277.382753058155	-62.626299485890215	-17277.382753058155	4.466751566536935	8.719508719229898E-4	0.4531758698480162	4.657340928227011	-60.02085281756115	5.4199644473848885	1.058175028438202	1.9400403787792622	0.3945986753406024
47000	-17344.28629392019	-17278.03139514206	-66.25489877813169	-17278.03139514206	4.405096440229915	8.425977185770091E-4	0.4531758698480162	4.657340928227011	-63.45754644969405	4.8558425757019315	0.5178224281407566	3.688911954956456	0.9777925932108511
48000	-17340.19643735215	-17271.273613852914	-68.92282349923869	-17271.273613852914	4.67056653176464	8.470162047699996E-4	0.7382905680886009	4.657340928227011	-66.3533516881571	4.87359465413159	0.9333963915694576	1.8158357931479185	0.7631101552712622
49000	-17334.378989713514	-17269.67575126799	-64.70323844552226	-17269.67575126799	4.44885398179167	8.588918547229414E-4	0.7382905680886009	4.657340928227011	-62.182855980453894	4.622735501240727	0.8000326470884972	2.0609769513338536	0.7941631237515289
50000	-17341.602432014693	-17271.762071923884	-69.84036009081014	-17271.762071923884	4.385962286072014	7.902286988793897E-4	2.8594681897420604	4.657340928227011	-65.1640495297716	4.622735501240727	0.8916861504649335	2.0844972049015085	0.4793875690760966
51000	-17342.63389214111	-17272.338142261917	-70.29574987919467	-17272.338142261917	4.486625631878278	8.036801115480495E-4	3.2346655260908714	4.657340928227011	-64.41987933853898	4.725361381021797	2.004678150548074	1.4392853140221935	0.19445654823907907
52000	-17345.911249455497	-17273.186491008397	-72.72475844709909	-17273.186491008397	4.09998039295219	8.523845913731899E-4	3.2346655260908714	4.657340928227011	-67.323355852831	4.8684057347650285	1.0464580454719399	2.252162930251698	0.3058782021273513
53000	-17352.1895584953	-17280.081907987085	-72.10765050821549	-17280.081907987085	4.539867208926623	8.745259547089377E-4	3.4930264869181915	4.657340928227011	-66.19744462965258	5.011287825438416	1.5291935878801954	1.6861409294293166	0.23496087034401306
54000	-17347.823980329886	-17274.531679884523	-73.2923004453631	-17274.531679884523	4.626877378389373	8.252920062940948E-4	3.4930264869181915	4.657340928227011	-67.90578238174413	5.704777525893218	0.8209677695826318	1.8762889527843094	0.8669190113204295
55000	-17360.796949534546	-17283.057239112928	-77.73971042161843	-17283.057239112928	4.782594513296987	7.200379019468572E-4	3.4930264869181915	4.657340928227011	-72.15673694773473	6.06051446923594	0.6633616883800828	2.652625367076284	0.579813847108829
56000	-17364.63653657163	-17287.207809341147	-77.42872723048175	-17287.207809341147	5.024940953870177	7.470562341097576E-4	3.4930264869181915	4.657340928227011	-72.0898403332004	5.232226661902918	0.6070877671101194	2.554278515018898	0.7548180999076702
57000	-17356.22498232685	-17278.97882453799	-77.24615778885911	-17278.97882453799	4.843553191266233	8.28878229833606E-4	3.4930264869181915	4.657340928227011	-71.72405981003494	6.003023917571851	0.9805232600484795	1.7018667985125255	0.48893969103338575
58000	-17347.633582935556	-17269.59020716702	-78.04337576853644	-17269.59020716702	5.168686321290138	7.746355123447672E-4	3.4930264869181915	5.4074064895988885	-72.22422594810189	5.752115898117972	0.9956706438608567	2.058687744199462	0.4951832657618741
59000	-17351.977748211826	-17277.199223851763	-74.77852436006197	-17277.199223851763	4.991434708677944	7.500678674407043E-4	3.4930264869181915	5.4074064895988885	-69.19370756364378	5.663789780060059	0.5889973779121713	2.4878339650954233	0.7915050886181485
60000	-17351.318489919508	-17274.865306562606	-76.45318335690044	-17274.865306562606	4.726480151955478	7.633054333515748E-4	3.4930264869181915	5.4074064895988885	-70.3289176723046	5.102630543956331	0.4020902699849507	4.138534519924925	0.7296989448328522
61000	-17342.816310636474	-17270.770437320993	-72.04587331547978	-17270.770437320993	4.760434083197587	8.870597765801787E-4	4.327561589326292	5.4074064895988885	-65.30869886839221	4.8829599899983664	0.47676698193806866	3.3862879513119473	0.9109002141428356
62000	-17344.571791952792	-17275.277153966286	-69.29463798650673	-17275.277153966286	4.509669841822231	8.51579048702275E-4	4.327561589326292	5.4074064895988885	-62.7195631545927	5.387777403221747	1.1580569863936019	1.568543202520246	0.6200407368519647
63000	-17337.537185669513	-17266.905269100982	-70.63191656853176	-17266.905269100982	4.6937219089357	8.132825829271859E-4	4.327561589326292	4.098434738251695	-64.45137583209647	4.919341074906349	0.975855969103401	2.1570088974132764	0.41419407242580597
64000	-17344.638802953123	-17274.858750661664	-69.7800522914569	-17274.858750661664	4.314259781060389	8.386504692589448E-4	4.327561589326292	4.098434738251695	-63.672358828409514	4.902013669457843	1.1554697919686059	1.6082818944229655	0.3774138575817301
65000	-17342.08193698442	-17274.745159983413	-67.33677700100763	-17274.745159983413	4.359738562227087	8.763800382542326E-4	4.327561589326292	4.482224409674151	-61.0547510735518	4.902013669457843	0.853465089189636	2.2542938172999794	0.6393898088795194
66000	-17349.68644495672	-17281.27692664778	-68.40951830893627	-17281.27692664778	4.194158067098978	8.160804810762322E-4	4.5793689343250445	4.482224409674151	-62.16394096871559	4.760375979620384	0.6214580920674281	2.319050137367556	0.8749510946868466
67000	-17352.955201804867	-17285.423815970964	-67.5313858339032	-17285.423815970964	4.329565717834102	9.228868106030575E-4	3.0328587211364746	4.482224409674151	-62.64538304192208	4.64893380167651	1.060767640351648	1.6452665828210193	0.3504560263214583
68000	-17345.5619785864	-17283.135661096007	-62.426317490393835	-17283.135661096007	4.511673229928731	9.334546746238897E-4	3.4382643042915815	4.482224409674151	-57.1455339057779	4.64893380167651	0.8299598503972971	2.064496853647512	0.7930877384738669
69000	-17342.091243814088	-17278.09220395442	-63.999039859665636	-17278.09220395442	4.599019359697617	9.680424389969807E-4	3.4382643042915815	4.650802186299834	-58.843392763462774	4.954341431223404	0.6983197824311306	1.7878178741010817	0.8900016248766892
70000	-17334.38974474803	-17277.112247604557	-57.277497143473774	-17277.112247604557	4.278073995824959	9.672374429270906E-4	1.0385350029020293	4.650802186299834	-54.10105070022997	4.4934582231634055	1.0967262184304287	2.0180255743272437	0.4385065655405886
71000	-17334.132141722526	-17273.04015255537	-61.0919891671547	-17273.04015255537	4.316076375281146	9.590398002099199E-4	1.0385350029020293	4.650802186299834	-57.80850462194836	5.18527569289293	0.6661892662618405	2.832843980132034	0.7231722223941625
72000	-17335.218277093172	-17275.17904974906	-60.0392273441125	-17275.17904974906	4.743443543032566	9.03495341038159E-4	1.0385350029020293	4.650802186299834	-56.915695864397804	4.8255029955481925	1.2066992754623584	1.6869158280291119	0.38595577786361146
73000	-17338.25600090873	-17281.3538907067	-56.90211020202753	-17281.3538907067	4.336214834631637	8.558996556791465E-4	0.880951251127897	4.7681229502080305	-54.055410152905814	4.500613859512558	0.9800750150003475	2.059467334637757	0.594805461205525
74000	-17349.838670272322	-17285.621889900594	-64.21678037172836	-17285.621889900594	4.136011972276285	8.645415445070807E-4	0.880951251127897	4.7681229502080305	-61.389591607480995	5.658772071032739	0.6022461871676964	2.295555358290432	0.8221300447368123
75000	-17341.404857913432	-17281.48034091042	-59.924517003013506	-17281.48034091042	3.8129822681101047	9.370718956193086E-4	0.880951251127897	4.7681229502080305	-57.25920346677254	4.142649042081355	0.8786131689033544	1.880459448162384	0.9598637023591646
76000	-17341.55093709056	-17283.7940246292	-57.75691246136223	-17283.7940246292	3.790163446828046	9.08545069748348E-4	0.880951251127897	4.7681229502080305	-54.70931360268262	3.8263840916268963	0.6333123888593667	3.3191912850513656	0.839140207945681
77000	-17338.968161746376	-17281.865001844388	-57.103159901987915	-17281.865001844388	3.8427751799790917	8.876375585471061E-4	0.880951251127897	4.6767719850101015	-54.40714329944217	3.9069911425598254	1.0645096524920612	1.815568686779803	0.4976657423606475
78000	-17332.5749454315	-17276.930737998457	-55.644207433042645	-17276.930737998457	3.832198955528054	9.361469182517144E-4	0.880951251127897	4.6767719850101015	-52.74483889214831	4.011313142514703	0.7473289572498892	2.71788643457015	0.9672555029517436
79000	-17336.862382793748	-17283.51097321028	-53.35140958346775	-17283.51097321028	3.7075634348082103	9.427363123287295E-4	0.880951251127897	4.144309308742176	-50.91311282576188	4.051495370173264	0.8943712145292537	1.7887504504958982	0.7911626071431088
80000	-17350.003000003006	-17293.2789997164	-56.72400028660492	-17293.2789997164	3.77277974120135	0.0010448713565810491	0.880951251127897	4.144309308742176	-53.59009004835343	3.853712782012059	0.7601150042211484	3.3233327789631786	0.40872169928164187
81000	-17342.183515757602	-17289.483573010584	-52.69994274701733	-17289.483573010584	3.77277974120135	0.0010740841177416885	0.880951251127897	4.144309308742176	-49.47990992592878	4.2700081035487205	1.6571205372317916	1.476623227680088	0.3327888226828008
82000	-17336.317491398422	-17282.69453044151	-53.62296095691175	-17282.69453044151	3.874576384493171	9.559712306667093E-4	0.880951251127897	4.297458170517974	-51.07063714122617	4.179190145174936	0.79963705258277	2.035718389144414	0.9936342140590325
83000	-17343.379746930248	-17287.829463232294	-55.55028369795306	-17287.829463232294	3.766446213489018	9.752833552088241E-4	0.46057173081457986	4.297458170517974	-53.094985756076774	4.1307431373006285	0.8692298720531014	2.5239945972772966	0.39298674844407766
84000	-17336.069681649362	-17278.934319239674	-57.13536240968669	-17278.934319239674	3.8830109230072556	0.0011052236259933223	1.3858676018657494	4.297458170517974	-53.6867033746505	4.509296845251468	0.8872563899312045	2.212769980989227	0.8406457585025658
85000	-17333.81927745971	-17278.86685944971	-54.95241800999632	-17278.86685944971	3.938750743877204	9.375773272768716E-4	1.3858676018657494	4.297458170517974	-51.91837816215806	3.98969058021761	1.0111778669519953	1.6788237559982353	0.765017350650032
86000	-17336.724893301427	-17280.488795672794	-56.23609762863234	-17280.488795672794	3.974987572282605	0.0010211980871434041	1.7071768402355658	4.297458170517974	-52.62102492505503	4.013147540805319	0.6050268576224025	2.8339487054277135	0.9558749586648698
87000	-17333.851753909566	-17283.03427980574	-50.81747410382792	-17283.03427980574	3.8808720328984645	0.0010042567410836355	1.7071768402355658	4.297458170517974	-47.220196553842	3.9487239445132034	1.051911769034041	1.9642407060580394	0.6087380835888863
88000	-17326.22426150872	-17273.12515084571	-53.09911066300892	-17273.12515084571	3.892441941757088	0.001032378888954637	1.7071768402355658	4.297458170517974	-49.17258895097886	3.9487239445132034	1.427385090277399	1.8155380919176078	0.2654461752870839
89000	-17335.22677222263	-17275.263059558103	-59.96371266452862	-17275.263059558103	4.388090186566202	0.0010009389318216683	1.7071768402355658	4.297458170517974	-56.00327612132194	4.40623192174209	0.63833050702151	3.3413536441570115	0.6284870007488065
90000	-17339.152284069878	-17278.000141647673	-61.15214242220469	-17278.000141647673	4.303614983297032	8.849482234960859E-4	1.7071768402355658	4.505278720113403	-57.146116690377895	4.817180520985927	1.5059713410436726	1.6412856486077707	0.23785000428142275
91000	-17342.959083796846	-17278.751784621032	-64.20729917581478	-17278.751784621032	4.6651864501097275	8.296105167080061E-4	1.7071768402355658	4.98020685127415	-60.18185816512797	4.799539955973207	0.5960434795441223	3.3460165008238625	0.8225834275366859
92000	-17341.53905309993	-17277.189214072674	-64.34983902725587	-17277.189214072674	4.432862632591073	7.770662464494679E-4	1.7071768402355658	4.98020685127415	-60.883061137093996	4.758321734044391	0.8364717858399575	1.8694094764709397	0.7353168282341562
93000	-17341.869301038634	-17277.69693534416	-64.17236569447589	-17277.69693534416	4.616165893071189	8.681665583815818E-4	1.7071768402355658	4.911155923549439	-60.6001031040466	4.758321734044391	0.6560644096958518	2.2976130918934743	0.8177186207894078
94000	-17342.941323709136	-17280.487524784687	-62.45379892444771	-17280.487524784687	4.387498309340971	9.278877920052938E-4	1.7071768402355658	4.911155923549439	-58.636293551476136	4.607386283046966	0.9307377679872951	2.179683653546717	0.5418180653449007
95000	-17352.99442285368	-17287.650713063776	-65.34370978990441	-17287.650713063776	4.297105953469982	8.792871847891764E-4	1.7071768402355658	4.510851170917774	-61.72481023887054	4.811145606030904	1.1114268865082626	1.6665856323414177	0.4518900034212646
96000	-17348.797231086723	-17276.947901729836	-71.84932935688649	-17276.947901729836	4.737498325780739	8.500944040869388E-4	3.247874441625751	4.510851170917774	-66.50418864159133	4.937873089681112	0.8886800582212251	2.4908609826021033	0.4421088315268548
97000	-17348.063437832883	-17277.319236036084	-70.74420179679831	-17277.319236036084	4.381300307835326	7.632110807029683E-4	3.247874441625751	4.510851170917774	-65.69780475768083	4.87794329718144	1.117217759116944	1.634036792223113	0.39877535408245424
98000	-17357.449823770818	-17281.54287883006	-75.90694494075915	-17281.54287883006	4.981497142392698	7.250438685611521E-4	1.5503414185265671	4.510851170917774	-72.30788217371709	6.254492169905212	0.4114998243791559	3.0715850389403445	0.9966186663698708
99000	-17352.23720938185	-17277.95681535975	-74.28039402209686	-17277.95681535975	4.486788495023032	8.610274703868193E-4	1.5053162911202806	4.313418010604526	-70.4540978605882	4.788301776099036	0.4549289579512664	3.9609962003276116	0.7736441372736231
100000	-17351.22999338238	-17277.51458925785	-73.71540412453022	-17277.51458925785	4.796201090784745	7.181139261465648E-4	1.5053162911202806	4.313418010604526	-70.50924435244991	4.915721113234033	0.642143317953849	2.581154055092275	0.7177097269003565
101000	-17347.324970078505	-17272.30658447652	-75.0183856019867	-17272.30658447652	4.6226715817758315	8.112255547476364E-4	1.0364976191689101	4.313418010604526	-71.8666025897057	5.6762535310286095	1.1992169445844536	1.8054544018151537	0.4479714003852746
102000	-17343.22857939057	-17272.748374579136	-70.48020481143321	-17272.748374579136	4.842533592365891	8.805385318830273E-4	1.5470623964470496	4.313418010604526	-66.96173887521222	5.120934840744496	0.7040115397190289	2.591603026712635	0.9673367346580145
103000	-17347.853654290397	-17274.68792201097	-73.16573227942763	-17274.68792201097	4.748450008909473	8.200368352285343E-4	1.5470623964470496	4.313418010604526	-69.32102299811348	4.791103487133534	0.4461413763456079	4.0127659783991545	0.8918905010696656
104000	-17347.081381393004	-17278.512784715604	-68.56859667739914	-17278.512784715604	4.6239973928653395	8.56603690581959E-4	1.5470623964470496	4.313418010604526	-65.3651650687545	4.791103487133534	0.7748840514188615	1.9995915722067732	0.8327264451448795
105000	-17343.503674945026	-17276.688114034812	-66.81556091021359	-17276.688114034812	4.068512785778277	8.013048016896972E-4	1.5470623964470496	4.313418010604526	-63.481094404091564	5.276485083865024	0.8092521840214243	2.109370241048358	0.5386381918102411
106000	-17356.50248508363	-17290.25518405789	-66.24730102574341	-17290.25518405789	4.085163432936685	8.006881611228291E-4	1.5470623964470496	4.107079145748103	-63.131074602666295	5.53787841368894	0.852135680521942	1.609268975359881	0.9355357554490975
107000	-17346.676158667447	-17275.82771094433	-70.84844772311595	-17275.82771094433	4.5815798780054715	8.362189694662766E-4	1.5470623964470496	4.107079145748103	-67.05319497918506	6.847905941034317	0.5222496455387439	3.0320210594087342	0.7723090368196139
108000	-17342.167085199875	-17272.397690159127	-69.76939504074807	-17272.397690159127	4.776622508407305	8.344897492150453E-4	1.5470623964470496	4.107079145748103	-66.39837570033906	4.836368447945931	1.0170817488591102	2.0019634834620947	0.2518320131137923
109000	-17348.927957559677	-17279.84851321827	-69.07944434140957	-17279.84851321827	4.334694547168407	9.234686713729159E-4	1.828612665020597	4.107079145748103	-65.02025720270942	6.09252870308079	0.5536463800147675	3.0616473342162522	0.7849696189527244
110000	-17340.617338686272	-17277.18752996628	-63.429808719993886	-17277.18752996628	4.415140152058575	9.710448717708625E-4	1.828612665020597	4.107079145748103	-59.837792366226175	4.813197389154487	0.7221740278855552	2.2068305933844123	0.6636079106998779
111000	-17337.412298187177	-17271.02650719675	-66.38579099042542	-17271.02650719675	4.38854829486993	8.82500374244779E-4	1.828612665020597	4.107079145748103	-62.626101322293394	4.808737943036799	0.7344141386765695	2.696569774030298	0.4076756568855151
112000	-17339.239180737644	-17267.829400731815	-71.40978000583132	-17267.829400731815	5.075487139527913	7.433284733009617E-4	1.828612665020597	4.107079145748103	-68.01500274396648	5.271602051241456	0.814182572597657	1.9004062522594867	0.8388754262252427
113000	-17338.87238277886	-17269.402680867373	-69.46970191148732	-17269.402680867373	4.489283654867786	7.076912081679375E-4	1.828612665020597	4.107079145748103	-65.90145413818202	5.112757250239849	1.2510043740198014	1.5085161229628279	0.4064831419834323
114000	-17339.93380670749	-17276.006300522833	-63.927506184656856	-17276.006300522833	3.86794063005809	8.428478220525869E-4	1.828612665020597	4.107079145748103	-59.93252408633705	4.505943860292809	1.6265852100831137	1.5832352290747231	0.25967134217079285
115000	-17349.03993858087	-17291.21567990648	-57.824258674391494	-17291.21567990648	3.8222854631108913	0.0010090276285357645	0.7873566076513572	4.814222415854034	-54.67337282339079	4.187576807315129	1.4647721777147664	1.6783689026768955	0.3036183096931888
116000	-17345.42472744023	-17287.3237823001	-58.10094514013066	-17287.3237823001	3.819978690260377	9.145989765022617E-4	1.0618076590352055	4.814222415854034	-54.595945325318965	3.862466465049008	1.923609482196734	1.2389215595407064	0.23191194656668634
117000	-17348.600585488522	-17284.46628452092	-64.13430096760277	-17284.46628452092	4.09165983583642	8.289761872775603E-4	1.0618076590352055	3.9161450746586186	-61.198752439853166	4.164484638759799	1.160905815212447	2.212570180760935	0.4246666578770881
118000	-17339.08743830563	-17279.403648095617	-59.683790210013946	-17279.403648095617	4.459992289163792	0.0010027243460482016	1.0618076590352055	3.9161450746586186	-56.691893383013266	4.577036841957804	1.1100382291365678	1.9144847525943711	0.4674163528061872
119000	-17343.386905766012	-17278.522361675125	-64.86454409088611	-17278.522361675125	4.254148154938603	9.022545897928305E-4	1.0618076590352055	4.043238489407884	-61.57386167294962	4.858605280049278	1.5485170424590444	1.6439552648225826	0.1397239598919446
120000	-17339.627724526017	-17273.039034388727	-66.58869013728913	-17273.039034388727	4.444589785284808	8.707969396640796E-4	1.0618076590352055	4.043238489407884	-63.76563601037159	6.066293810867153	0.8199643876878183	1.7456438802575138	0.8704198490243247
121000	-17337.18156919676	-17274.88502478315	-62.29654441361084	-17274.88502478315	4.444589785284808	9.45788156084126E-4	1.0618076590352055	4.365015986481528	-59.33381262955808	5.134611267479534	1.145671851801822	1.4004529254053055	0.6165451517763515
122000	-17327.91740048791	-17269.08936498593	-58.82803550197711	-17269.08936498593	4.2415881225751955	8.89509177698074E-4	0.5661510907644508	4.365015986481528	-56.42679836612457	4.5522270063792	0.6702071135470329	2.565217903268196	0.7779176920281804
123000	-17340.745430340892	-17276.524282565024	-64.22114777586911	-17276.524282565024	4.406863916902671	8.692195864799699E-4	0.916862488308799	4.365015986481528	-61.60031265825457	4.709474976256345	0.602826293493324	2.4154327062962713	0.8359813684034921
124000	-17339.88337416074	-17266.582258614144	-73.30111554659769	-17266.582258614144	4.626170489275923	7.870562582847819E-4	1.0420387977349084	4.365015986481528	-70.23762032791977	6.102280464369149	1.0104731253121857	1.842311087078339	0.611571607112497
125000	-17336.287743294844	-17269.519894479374	-66.76784881547053	-17269.519894479374	4.415870688416631	8.905534688864152E-4	1.0420387977349084	4.365015986481528	-63.77826856121923	4.650842397769612	0.6150935182336459	2.8588211778187413	0.7617634129582435
126000	-17341.079649020343	-17275.1704408186	-65.90920820174291	-17275.1704408186	4.306120966898166	7.669339846242568E-4	0.6657624805959711	4.365015986481528	-63.70181673263045	4.315886008470478	0.9865910865349576	1.6852226294602728	0.7247392951427586
127000	-17342.01213802374	-17276.40575752255	-65.60638050119215	-17276.40575752255	4.235548690832382	8.425173753486827E-4	0.6657624805959711	3.718106118190472	-63.63611727995988	4.315886008470478	0.8146601052851877	1.8052533593745115	0.7373677466394087
128000	-17341.34689172779	-17274.117125119843	-67.22976660794717	-17274.117125119843	4.103814232841415	8.130704932835913E-4	0.6657624805959711	3.718106118190472	-64.87859118839714	5.435234217623268	1.0035883803815773	1.8003756862863802	0.43745809000022207
129000	-17352.10415992412	-17285.893157357612	-66.21100256651026	-17285.893157357612	4.3871788651054855	8.283203605777573E-4	0.7008088475970917	3.718106118190472	-63.87052766765832	4.974754562560105	0.5098608672819791	2.8500290645240547	0.9267074013232652
130000	-17339.637208703305	-17272.838117451236	-66.79909125207057	-17272.838117451236	4.176387408270819	8.714102113501021E-4	0.7008088475970917	3.718106118190472	-64.49895952415811	4.510559282112812	0.9305562557956489	2.027450356251975	0.28933603514064643
131000	-17341.69786795523	-17281.300199196514	-60.39766875871724	-17281.300199196514	4.038621081830011	8.836096910687739E-4	0.7008088475970917	3.718106118190472	-58.12682085516999	4.3878337547591455	0.8827882205144622	2.0891100295880554	0.6119113115610008
132000	-17336.772917530314	-17275.05065391386	-61.72226361645463	-17275.05065391386	4.187384870053337	9.482333560014519E-4	2.192802791816404	4.978579678154007	-57.24744324845834	4.4632507341552055	0.762424647125124	2.838937738439009	0.6657108926415369
133000	-17334.63333609367	-17271.01809619641	-63.615239897258526	-17271.01809619641	4.30218674373182	8.318669803278924E-4	2.192802791816404	4.978579678154007	-59.449784012851964	4.635381786485763	0.9942139081987665	1.9205105795271553	0.5584707052480954
134000	-17340.31216361016	-17270.088054979697	-70.22410863046537	-17270.088054979697	4.530191123602324	7.855155067570902E-4	2.192802791816404	4.978579678154007	-66.20572491767514	4.738156115427022	1.094227718625681	1.477931831005773	0.5144988743733162
135000	-17353.878766976348	-17278.187893188227	-75.69087378812081	-17278.187893188227	4.549004186861107	7.758589072277232E-4	2.192802791816404	4.978579678154007	-71.25823326281184	4.892421306420376	0.4883687007100623	3.4757706145358673	0.7161447143734445
136000	-17353.356656732554	-17282.746096030714	-70.61056070183811	-17282.746096030714	4.208038555561451	8.940637610156776E-4	2.192802791816404	4.416452985580327	-66.60690456875594	4.251355204448084	0.8301362531988039	2.2775138023604335	0.4181988487270106
137000	-17351.128996761243	-17277.19519528935	-73.93380147189073	-17277.19519528935	4.3476343798707635	7.919204827802945E-4	2.192802791816404	4.416452985580327	-69.27458831163187	4.618500574780456	2.0783157726835326	1.1496972260821487	0.1854571549412021
138000	-17350.451722113798	-17276.21511972901	-74.23660238478745	-17276.21511972901	4.977865371014888	7.952340579993131E-4	0.9468444824628084	4.416452985580327	-70.86540219994505	6.428689476704812	0.5276490855876018	3.4362185569405406	0.801392944389108
139000	-17355.262665436698	-17281.113980564995	-74.14868487170274	-17281.113980564995	4.648414539998176	7.881178068326595E-4	0.4848547014282264	4.210029117331666	-71.89115027301368	5.9177569002588	0.9245849066084239	1.6816057262945154	0.4900501655299033
140000	-17353.24964785491	-17280.84276641463	-72.40688144028123	-17280.84276641463	4.9126520960156315	8.156357992819158E-4	0.4848547014282264	4.210029117331666	-70.0404636677354	5.418479079215506	1.1791297290865956	1.5349575725705062	0.5433631713208926
141000	-17339.76169708686	-17270.12887394899	-69.63282313786677	-17270.12887394899	4.620733510503041	8.471091345559476E-4	1.1055967576604782	4.210029117331666	-66.09594952494413	4.737909136816077	1.84815295224505	1.5056200009544467	0.1799739924068446
142000	-17342.340536820022	-17275.305120222136	-67.0354165978844	-17275.305120222136	4.443204050063023	8.239098067639044E-4	1.1055967576604782	4.210029117331666	-63.99621761063592	4.527962635021297	0.9699654976545802	2.3970229150890834	0.3366462274373245
143000	-17340.00236635555	-17273.544553928456	-66.45781242709523	-17273.544553928456	4.51916523273719	8.971528463343149E-4	1.1055967576604782	4.210029117331666	-63.36747835354036	4.616155485418242	0.7088038428831017	2.8398531779451925	0.6937434713950943
144000	-17343.185679989314	-17277.046014915642	-66.13966507367327	-17277.046014915642	4.51916523273719	8.969869836023713E-4	2.3611213090721086	4.210029117331666	-61.877271942610555	4.674133256983693	0.9611486601670971	2.1453731724073624	0.6054611428571032
145000	-17340.675657082797	-17277.27598082017	-63.399676262625356	-17277.27598082017	4.611286160257538	9.396306150805893E-4	2.3611213090721086	4.210029117331666	-59.310779508663714	4.830985138754722	0.8410017071945554	1.8906463084854177	0.7969948254443202
146000	-17343.658814871484	-17276.505864811304	-67.15295006017813	-17276.505864811304	4.722491267659843	8.739554096239519E-4	2.565461982753714	4.210029117331666	-62.95922296935792	4.964789862989982	0.8039336652689351	1.8435902399097532	0.6130014306685246
147000	-17343.136203644826	-17276.288005566366	-66.84819807845986	-17276.288005566366	4.528330657602407	7.71959493833828E-4	2.565461982753714	4.210029117331666	-62.75003617063376	4.65464092238179	0.5835330326996316	2.421312546883686	0.9414016525888833
148000	-17340.790090357335	-17274.445159597504	-66.34493075983028	-17274.445159597504	4.273195151241023	8.350724660136858E-4	2.565461982753714	4.210029117331666	-62.14360949255408	4.901634942082884	0.6922549814305209	2.1851638160819333	0.8276878996501253
149000	-17333.965151288354	-17270.20439932523	-63.76075196312524	-17270.20439932523	4.098994464542222	9.119287001622519E-4	2.565461982753714	4.210029117331666	-59.10085136882265	4.820222921052146	1.3256416321362705	1.7144015088383904	0.25261325966817955
150000	-17337.389330493115	-17273.923448026762	-63.46588246635298	-17273.923448026762	4.121183425071584	9.47853468887994E-4	2.41805596710264	4.210029117331666	-59.5136406577523	4.250550074812332	0.6708842205913897	2.059430392870944	0.7740142992954322
151000	-17337.899757154406	-17273.136163686017	-64.76359346839016	-17273.136163686017	4.139871526020691	9.168346566325938E-4	2.41805596710264	4.210029117331666	-60.75349856899254	4.250550074812332	0.7739436811130345	2.031055277932323	0.6873391099218544
152000	-17347.782027960624	-17280.686357171286	-67.0956707893382	-17280.686357171286	4.139871526020691	9.106529403911267E-4	2.41805596710264	4.605451423292532	-62.78562393454278	4.40075335206462	0.6121018681410989	2.671956673218337	0.981383774217127
153000	-17349.081254060777	-17278.742808549036	-70.33844551174248	-17278.742808549036	4.1277993336530905	8.790905421362814E-4	2.41805596710264	5.061360790975783	-65.57134293060494	4.3558464139326345	0.44641294028545647	3.740337596489427	0.8911773475731056
154000	-17347.470949639206	-17277.184494711997	-70.28645492721031	-17277.184494711997	4.574322642962263	8.181464097056168E-4	2.41805596710264	5.061360790975783	-66.01146216941838	4.9695319856539575	0.5736494440445105	2.3780589784529242	0.9919887890615434
155000	-17360.9935006569	-17283.88082969037	-77.112670966529	-17283.88082969037	4.941539819429475	7.573345975737347E-4	2.41805596710264	5.061360790975783	-72.41647057606961	6.178401550390983	1.0829371370438954	1.839974656157991	0.4480849979791907
156000	-17344.98997336866	-17277.685266905617	-67.30470646304435	-17277.685266905617	4.295668794510979	9.162498270114147E-4	2.061972134621156	5.061360790975783	-63.289495828219785	4.541235337853944	0.7298742785881518	2.2333245529022565	0.6970395551945899
157000	-17346.315525692622	-17277.081068255662	-69.23445743696163	-17277.081068255662	4.432712339294094	7.99121579858494E-4	2.061972134621156	5.061360790975783	-65.03489087286835	5.240002782660479	0.9202183732077706	2.1760977385837106	0.4168586694681705
158000	-17340.65311277796	-17271.372516791573	-69.2805959863859	-17271.372516791573	4.516208028484327	7.984744919037559E-4	2.061972134621156	5.061360790975783	-65.3930467436129	4.725137818354503	0.5835864154289501	2.4325671731326453	0.8929792710263705
159000	-17346.9226762127	-17283.189197213935	-63.733478998763985	-17283.189197213935	4.51919127748823	8.739667749415017E-4	0.6531494922141537	5.882042057019011	-60.804464897367325	4.58915010718504	0.633970146788168	2.701228661629501	0.6932323961518799
160000	-17343.97721441798	-17279.385098876155	-64.5921155418252	-17279.385098876155	4.151644846536059	8.779267045443053E-4	0.6531494922141537	5.882042057019011	-61.71061600821165	4.39928423632664	0.7401231414777033	2.4619200258219474	0.6576041064868452
161000	-17345.05255152775	-17278.92051572056	-66.13203580719083	-17278.92051572056	4.2151391283370705	8.006388321789639E-4	1.2296555147261898	5.882042057019011	-62.50359840145492	4.39928423632664	1.011520121374636	2.414565509979411	0.2872755550148351
162000	-17345.636653490474	-17278.756690546114	-66.87996294435948	-17278.756690546114	4.429554658039819	8.746599532842093E-4	1.2296555147261898	4.169739429097938	-63.91501714024692	4.537045916036054	0.858343518666425	2.1430668369093913	0.5482995383815664
163000	-17348.962720921012	-17275.247532543526	-73.71518837748567	-17275.247532543526	4.655869617131031	7.477849617736763E-4	1.2296555147261898	4.169739429097938	-70.56863440117866	5.259712894996498	1.304692434981963	1.5782685401041205	0.2322856923342371
164000	-17347.68375577209	-17274.18570147478	-73.49805429731065	-17274.18570147478	4.764944383594027	8.022120653541076E-4	1.2296555147261898	4.169739429097938	-70.43461547506078	4.93841314351819	1.0590053496423524	1.9230780960994938	0.4425489411693409
165000	-17354.77870262053	-17282.4944831687	-72.2842194518296	-17282.4944831687	4.310154251364492	7.953337626404487E-4	1.2296555147261898	3.538277893049606	-69.2958491575305	5.388840472659639	0.8124287658932182	2.5007803218958915	0.45714393599592945
166000	-17362.41391826482	-17286.226420944677	-76.18749732014618	-17286.226420944677	4.623739887542631	7.956551139439251E-4	1.2296555147261898	4.5203499504575815	-73.3542447367575	5.052927607207587	0.8331131502224253	1.6719394994330026	0.8900014028556804
167000	-17363.223906440842	-17287.316395623282	-75.9075108175602	-17287.316395623282	4.865920949210726	7.901017509425357E-4	1.2296555147261898	4.5203499504575815	-73.01189252018496	4.932175703062476	0.8390773413631497	1.8441500327854894	0.49070860493905505
168000	-17354.922279810682	-17279.421752069284	-75.50052774139934	-17279.421752069284	4.8411621735019565	7.684453593620442E-4	1.2296555147261898	4.5203499504575815	-72.59303857320033	4.932175703062476	0.6168152028517512	2.355728834616798	0.8133072344510217
169000	-17355.55202993154	-17279.081698919763	-76.47033101177799	-17279.081698919763	4.559099203708894	7.42750936872929E-4	1.2296555147261898	4.5203499504575815	-73.21171179672302	5.937327326944236	0.46557933731486484	3.009788854828047	0.7976399166745634
170000	-17357.45766045247	-17286.7733919408	-70.6842685116727	-17286.7733919408	4.919046058970911	8.006789859885366E-4	1.0307359091316133	4.5203499504575815	-67.64496445651824	5.105431347793221	0.4875721227897037	3.141914468695664	0.9385266613429554
171000	-17349.75078029066	-17275.284738423026	-74.46604186763221	-17275.284738423026	4.376047089824795	8.23050545083834E-4	1.0307359091316133	4.509410399959281	-71.36042283835374	5.481553516034507	0.7356423162286336	2.589631647430327	0.6515937180774176
172000	-17347.96990890535	-17276.652582371942	-71.31732653340778	-17276.652582371942	4.39177508849817	8.25925667810326E-4	1.0307359091316133	4.509410399959281	-68.59060540045945	4.679407231088252	0.714467231497628	2.1892942927575634	0.6914518011058106
173000	-17343.91040829355	-17274.85239834983	-69.05800994371575	-17274.85239834983	4.297779341915821	8.037550044136552E-4	1.0307359091316133	4.462068642778893	-65.98151786023847	6.031734093289073	0.731951194023671	2.3851532506830875	0.7496035262694454
174000	-17343.358753154724	-17279.40750081497	-63.95125233975358	-17279.40750081497	4.131142038439808	8.892788813849958E-4	2.9536106608700092	4.462068642778893	-58.86981664603637	4.59968681587914	1.2507837924322809	1.9133969278901934	0.27032112549782483
175000	-17340.42622689856	-17274.592044819536	-65.83418207902285	-17274.592044819536	4.245888499642442	8.707292160498468E-4	2.9536106608700092	4.462068642778893	-60.385390223618266	4.616118836848182	1.9349516397245505	1.310300078963085	0.2669828018844771
176000	-17350.338450872	-17282.43919777896	-67.89925309303949	-17282.43919777896	4.3213850797836	8.38289889299419E-4	1.8123159600109073	4.462068642778893	-63.48529514632143	6.284392394114461	1.4209250036306216	1.9488441660904514	0.22873951501913822
177000	-17336.850058280485	-17274.99596919687	-61.854089083614745	-17274.99596919687	4.202818538557433	8.715620134675614E-4	1.8123159600109073	4.462068642778893	-58.2073822280477	4.4047827370246875	1.2285347479310706	1.484422109687155	0.41902394256201947
178000	-17340.671174787323	-17274.962155922072	-65.70901886525112	-17274.962155922072	4.321455664245682	8.697556820058721E-4	1.8123159600109073	4.462068642778893	-62.114451661821384	4.524431771424597	0.767846383624671	2.257272583188734	0.4754991833606575
179000	-17337.765984427093	-17276.63856015441	-61.12742427268429	-17276.63856015441	4.108620405918021	8.693094815912209E-4	1.8123159600109073	4.462068642778893	-57.55671069351471	4.59222223106922	0.8659804080609974	1.9870735027672182	0.971664010319327
180000	-17339.566674135593	-17276.833575692934	-62.733098442658275	-17276.833575692934	4.353405702662801	9.09347992982526E-4	1.8604852617433907	4.462068642778893	-57.985988481828606	5.101121216800037	2.040418758857889	1.6110143439537226	0.13033368394835934
181000	-17336.144724440623	-17276.13574256866	-60.00898187196602	-17276.13574256866	4.220316334642998	8.840695603926583E-4	1.8604852617433907	4.462068642778893	-56.478184606957434	4.582999411862152	1.0331199256048793	1.4507922059724554	0.9581555354879933
182000	-17333.030109486564	-17269.114808722974	-63.91530076359174	-17269.114808722974	4.349431582179557	9.503390099063322E-4	1.8604852617433907	4.316842773495873	-59.42721349656665	5.946084537066762	0.49416343104023464	3.8519785422242667	0.8836352384107885
183000	-17328.45720542635	-17268.008292437702	-60.44891298864851	-17268.008292437702	4.493095208960852	9.689951700738196E-4	1.8604852617433907	4.316842773495873	-56.47851333475483	4.9871633177586485	0.7490967212649331	2.6529929029003148	0.7480753814800805
184000	-17335.428692434034	-17277.265838986114	-58.16285344791871	-17277.265838986114	4.647960154954596	9.797222816345348E-4	1.3452675724445624	4.316842773495873	-54.708105040794045	4.914647799796561	0.6874123969875978	2.7830464205780063	0.8840769509285753
185000	-17339.532419909436	-17274.379497453818	-65.15292245561749	-17274.379497453818	4.722324885408768	9.586506886849257E-4	1.5254939099827018	4.316842773495873	-61.76445300558846	4.788852779561671	0.7469391384471794	2.263443542384472	0.5318113541404298
186000	-17340.504598169962	-17275.07657316598	-65.4280250039813	-17275.07657316598	4.637713366041577	8.569986405626617E-4	0.6717917832341616	4.316842773495873	-62.99072194941396	4.803617085230252	1.129504137210325	1.5007833814089726	0.6427982948050134
187000	-17344.799226287476	-17277.59002890807	-67.20919737940581	-17277.59002890807	4.499000216816401	7.954874085370255E-4	0.6717917832341616	4.316842773495873	-64.74181176612616	5.542014631041809	0.5902228004991037	2.4671746179826646	0.9743750001865682
188000	-17342.53292804684	-17278.65652334076	-63.87640470607992	-17278.65652334076	4.4934949313187404	8.748379816208639E-4	0.6717917832341616	4.316842773495873	-61.40319017737055	4.823282631635092	0.7794338713588885	2.229201960717568	0.8413344406022937
189000	-17348.792475269347	-17281.817332737515	-66.97514253183256	-17281.817332737515	4.912614158507177	8.998740744602416E-4	0.6717917832341616	4.316842773495873	-64.15394494278507	5.894319198676713	0.5689987559406607	2.8675514997348768	0.8164971740843128
190000	-17347.83447265342	-17280.436519789422	-67.39795286399631	-17280.436519789422	4.376541063426671	8.554171628716212E-4	0.6717917832341616	4.316842773495873	-64.67238490414734	5.081157228021583	0.8591919285162777	2.5100845076258977	0.837040778910605
191000	-17343.979952246482	-17279.624215025695	-64.35573722078796	-17279.624215025695	4.380069949408235	8.284269734763052E-4	0.9515625864606655	4.316842773495873	-61.43763154881907	4.3949355664616085	1.1576432679718205	2.0671846899162367	0.3690064428129086
192000	-17338.151734921878	-17273.860291694284	-64.29144322759369	-17273.860291694284	4.426685947293213	8.423610192727899E-4	0.9515625864606655	4.316842773495873	-61.2990363027382	4.9138388597676705	1.2702343098929325	1.7551757029318218	0.42241595772508417
193000	-17337.273194985806	-17271.93543173992	-65.33776324588733	-17271.93543173992	4.444458655721433	9.132368023770845E-4	0.9515625864606655	4.316842773495873	-62.49808292162531	5.210348567176628	0.7819475694570145	2.165940533444544	0.6055306662105596
194000	-17343.13241803722	-17275.042585135398	-68.08983290182316	-17275.042585135398	4.00415642794743	9.087836109576298E-4	0.9515625864606655	4.316842773495873	-64.52977794147192	5.210348567176628	0.4826117663093583	4.214267794757216	0.6454518302559314
195000	-17337.472165005234	-17271.24339593765	-66.2287690675824	-17271.24339593765	4.706628394098097	8.179482907410442E-4	0.9515625864606655	4.316842773495873	-63.58246082487016	5.479323552452304	0.7046824252591304	2.0167136879025973	0.8875975276454436
196000	-17346.9732066976	-17284.373729533658	-62.59947716393991	-17284.373729533658	4.419655347931385	9.031670933788817E-4	0.9515625864606655	4.316842773495873	-59.71264953291208	4.859790811229641	0.730607154397642	2.5232784974701254	0.6917979892382249
197000	-17335.209460875205	-17273.563566997153	-61.645893878052654	-17273.563566997153	4.502095708803663	8.643320988997448E-4	0.9426364512837392	4.316842773495873	-59.01681839057706	4.875667438123746	0.5979623587942196	2.3622354101269853	0.8768091643922594
198000	-17329.566135938283	-17270.60237540754	-58.96376053074335	-17270.60237540754	4.2536050873697615	8.94048663515588E-4	0.9426364512837392	4.316842773495873	-56.19800264765707	4.811777925770836	1.0693453642444561	1.6589568661573604	0.7258815584361056
199000	-17328.710911993963	-17270.934598245185	-57.77631374877817	-17270.934598245185	4.184285124280343	9.495685675657432E-4	0.9426364512837392	4.316842773495873	-55.17922637194806	4.46660242335228	0.7814833754798982	1.9243702240412415	0.7256864815573832
200000	-17342.152682517237	-17284.73591766015	-57.41676485708658	-17284.73591766015	3.9559634167186988	0.0010835529479233574	0.4301758834071857	4.316842773495873	-55.20616135498875	4.253109158117207	0.9421479272506245	1.6724230521671422	0.857366216859968
201000	-17341.768853638696	-17278.743713863427	-63.02513977527051	-17278.743713863427	4.052847817630764	9.061810361975192E-4	0.24768280425668426	4.316842773495873	-61.05020083724728	4.437773570132171	0.8171687613599372	2.096916472746014	0.7638613642206523
202000	-17338.08170104302	-17277.87220574899	-60.20949529402621	-17277.87220574899	4.096167581688886	9.67501463068025E-4	0.35491800216163844	4.316842773495873	-57.601385514308916	4.29921935291988	1.6464620871264442	1.4229819419351168	0.32175360823550375
203000	-17339.89663491529	-17278.240850688962	-61.65578422632877	-17278.240850688962	4.232995115092275	8.409602782087514E-4	0.9680258521990852	4.316842773495873	-59.15187244578727	4.29921935291988	0.6900237452361366	2.1543292970077967	0.9186801826056916
204000	-17332.841497604662	-17275.672875175107	-57.168622429555235	-17275.672875175107	4.074678192685928	9.240793298588821E-4	0.8770486864158398	3.9898687625168123	-54.70540634489045	4.077917213018506	0.9041733796349368	1.9490689216752852	0.9054892524178454
205000	-17339.09274827454	-17282.021807988116	-57.07094028642413	-17282.021807988116	4.074678192685928	9.225309979783148E-4	0.8770486864158398	3.9898687625168123	-54.56600125053977	4.077917213018506	1.16018650491483	1.5235852373157808	0.5174780022673537
206000	-17328.60305456998	-17276.18784607085	-52.41520849912819	-17276.18784607085	4.00380094203718	0.0010283701067467241	0.8770486864158398	3.9898687625168123	-49.46914847153771	4.311044567335097	1.2573414773777019	1.9065881165388119	0.4577227330993267
207000	-17333.008318421253	-17276.882088727383	-56.126229693870194	-17276.882088727383	4.090599866230311	9.379246874501488E-4	0.8770486864158398	3.9898687625168123	-53.189128070098235	4.311044567335097	1.5756392025129782	1.4329666972243658	0.31598422088846945
208000	-17339.145956996414	-17277.27909174114	-61.866865255271854	-17277.27909174114	4.54651780426842	9.143718928713648E-4	0.8770486864158398	3.9898687625168123	-58.88134101641337	4.669935057172484	1.6057362532874402	1.3731672190710993	0.4807481307511092
209000	-17334.987981269674	-17274.330032435486	-60.657948834187955	-17274.330032435486	4.080078265445774	0.0010290228230334724	0.8770486864158398	3.9898687625168123	-57.45425481837493	5.067045327830915	1.404111762893875	1.8246097851797354	0.3599237028230045
210000	-17345.527278204514	-17279.153621930807	-66.37365627370693	-17279.153621930807	4.9864905906933314	8.83786403054128E-4	0.8770486864158398	4.2666885272981965	-63.397364770091635	5.762246545615123	0.6330065778946213	2.7544181047336447	0.9842875790204613
211000	-17342.786508292516	-17277.377298393523	-65.4092098989916	-17277.377298393523	4.451151500560813	9.07993830754182E-4	0.8770486864158398	4.2666885272981965	-62.43106130818147	5.0396402684509205	1.013234072373655	2.23830494563085	0.3390224311330282
212000	-17346.012009748127	-17277.258772304172	-68.7532374439549	-17277.258772304172	5.1433976195302	7.138525187577482E-4	0.47046052793531173	4.2666885272981965	-66.66872291989881	5.664193972097287	0.8281700192092459	1.7728023779469693	0.8956013675718503
213000	-17343.86294212203	-17279.90781478848	-63.955127333549015	-17279.90781478848	4.862365971385765	9.201754801072175E-4	0.47046052793531173	4.2666885272981965	-61.850591336956064	5.114556038376569	0.7871056112950288	1.7021833896384737	0.7992053062309401
214000	-17336.86773093337	-17271.284958290984	-65.58277264238468	-17271.284958290984	4.487707905660979	8.564113891493547E-4	1.7175036702294213	4.2666885272981965	-61.48727519322937	4.631517767995417	1.5914707220447353	1.9020332787437457	0.15799532740161532
215000	-17349.95792454007	-17288.117804343074	-61.84012019699813	-17288.117804343074	4.277558743649604	8.38242163864826E-4	1.7175036702294213	4.2666885272981965	-57.41284000693508	4.461115386810318	2.3194957109688445	1.214048185754105	0.1727213726659957
216000	-17336.034101863832	-17277.25891830768	-58.7751835561499	-17277.25891830768	4.291612904902518	9.069395498114608E-4	0.4630597732038807	4.2666885272981965	-55.907487154486624	4.468946800819427	1.8290429935353312	1.4441465003757195	0.27195269031579433
217000	-17340.800818047315	-17277.71462149162	-63.086196555694855	-17277.71462149162	4.069502655543986	9.33155400542794E-4	0.5378610842490061	4.2666885272981965	-60.2043490062953	5.740510064950039	0.6821414339350437	3.0555922858437103	0.4972582575005746
218000	-17343.420387941263	-17280.265392884317	-63.1549950569451	-17280.265392884317	4.302383530752055	9.123668992247102E-4	0.5378610842490061	4.2666885272981965	-60.86402844565827	4.8837300590024375	0.9090979663395956	1.8042063498243515	0.4695058006188475
219000	-17336.605214734827	-17273.931267729593	-62.67394700523418	-17273.931267729593	4.470189430787556	8.777442423059921E-4	0.5378610842490061	4.2666885272981965	-60.359561076774106	4.743901970426058	0.741007279471563	2.3124029071749	0.6545519488307817
220000	-17337.705541978514	-17277.050247949006	-60.65529402950887	-17277.050247949006	4.241028006529101	9.088687406431938E-4	0.5378610842490061	4.2666885272981965	-58.565189987381224	4.785860864409883	0.7931045698747123	1.680611999435819	0.8454750851437934
221000	-17341.38427498541	-17280.15592381828	-61.22835116712749	-17280.15592381828	4.080164477508388	0.0010131885835415687	2.073505371001021	4.2666885272981965	-57.359444287991096	4.4863182521864235	0.6837273892942941	2.296860820202757	0.7863674215866249
222000	-17346.33461547476	-17284.218155764196	-62.116459710562275	-17284.218155764196	4.080164477508388	9.611491944083186E-4	2.073505371001021	4.2666885272981965	-58.02953129273385	4.447361153485428	0.6528967737440604	2.914226746434183	0.793636776269817
223000	-17341.241915793536	-17276.929478762006	-64.31243703152936	-17276.929478762006	4.21494912269882	9.916012788238134E-4	2.770349626051869	4.2666885272981965	-59.77206113029382	4.543195542238816	0.7384883434968609	2.1570121393087685	0.7392606969328002
224000	-17343.746078489254	-17279.162411544563	-64.58366694469169	-17279.162411544563	4.363046522163098	9.784027820657311E-4	1.748179662418219	4.2666885272981965	-60.71795046198556	4.6198251001914565	1.3911545754809678	1.5424459358841516	0.5181709741645651
225000	-17339.784087295764	-17277.35848899649	-62.42559829927438	-17277.35848899649	4.236221877137972	9.563977463656819E-4	1.748179662418219	4.2666885272981965	-58.84108123459443	4.326977551767463	0.7834302488669486	2.356644843829528	0.5547630980152805
226000	-17342.378906719492	-17277.165067329603	-65.21383938988994	-17277.165067329603	4.493500709383247	8.744696435308688E-4	1.748179662418219	4.2666885272981965	-61.34366067037888	4.808943823281605	1.530199594894549	1.4054991585005288	0.44827246548781446
227000	-17339.403444242307	-17272.262363476973	-67.14108076533348	-17272.262363476973	4.7297177605388745	8.780551734503038E-4	1.748179662418219	4.2666885272981965	-63.61734831673565	5.254481429609628	0.7951695181331561	1.997280667826738	0.8709684397049716
228000	-17344.86237717941	-17278.00514623768	-66.85723094172681	-17278.00514623768	4.860460358859879	8.683432747336142E-4	1.748179662418219	3.905782353533459	-62.9910841424135	5.087264106223594	1.4081699925001026	1.765181516001878	0.22263755374596456
229000	-17345.026911677596	-17283.185511481683	-61.841400195914105	-17283.185511481683	4.14951368347196	9.335115931390048E-4	1.1935855436504692	3.905782353533459	-58.26706549296679	4.699252841622582	1.904829061045953	1.3222952927432652	0.2065160129948334
230000	-17334.792790709653	-17276.80742504466	-57.98536566499513	-17276.80742504466	4.144231819531952	9.29461769629772E-4	1.1935855436504692	3.905782353533459	-55.0023638620881	4.214220891087035	0.6814840396503902	2.788431962686512	0.59496311409384
231000	-17334.842037706694	-17274.44417805396	-60.39785965273445	-17274.44417805396	4.3252724570222885	9.815752369721049E-4	1.5734826881511046	3.905782353533459	-56.875110912014094	4.449772723788921	0.6807456644148179	2.911160632017628	0.6279733015893498
232000	-17338.607673196	-17277.908381230824	-60.699291965174744	-17277.908381230824	4.419303025478106	9.48739441885047E-4	1.5734826881511046	3.905782353533459	-57.055330844691646	5.245532368460247	1.0080276642298955	2.2463891242185454	0.5811082146650379
233000	-17345.905752696075	-17286.275671626936	-59.63008106914009	-17286.275671626936	4.3978213951557565	9.422250156718864E-4	1.5734826881511046	4.620986904535317	-56.014961710735385	4.687408327995869	1.0601333898436243	1.888363899086089	0.47872670656210786
234000	-17351.51998360312	-17287.829183001013	-63.690800602108155	-17287.829183001013	4.01705453241164	8.412862958945768E-4	1.5734826881511046	4.620986904535317	-59.69842443548801	4.487865262344047	1.4101173387389092	2.224604283541761	0.2316920575419778
235000	-17340.184821710864	-17281.099449230776	-59.085372480088864	-17281.099449230776	4.192334353025678	0.0010309525755571043	1.5734826881511046	4.620986904535317	-55.60375719948123	4.484220036453249	1.0322867819814414	1.5808691560629344	0.7063060516236297
236000	-17342.84348015444	-17284.286349271224	-58.55713088321621	-17284.286349271224	3.8309375137140207	9.756169129961462E-4	1.5734826881511046	4.620986904535317	-55.03873412098879	4.170026968131315	0.8304378836407563	2.294478468434549	0.7832666821274706
237000	-17346.377901779106	-17283.709570702358	-62.668331076748984	-17283.709570702358	4.333393677974196	8.457227578310177E-4	1.495728957403972	4.186331217331849	-59.20452679990092	4.345633766363541	1.2918637233236814	1.865908409988419	0.3657617312085011
238000	-17339.056715465114	-17274.20241917777	-64.85429628734234	-17274.20241917777	4.444183607269735	9.10257676304224E-4	0.6787151756705615	3.672008989566135	-62.63411969935743	4.622067279067575	1.0714985783405726	1.5373976697961471	0.5160697920843809
239000	-17350.393119811342	-17285.75733272313	-64.63578708821322	-17285.75733272313	4.601834133492292	8.838546649563006E-4	0.5074005330031984	3.672008989566135	-62.28562964485684	4.824109772698181	0.6309235374821713	2.993127772834251	0.8103308265158407
240000	-17353.324631247244	-17283.235773599357	-70.08885764788658	-17283.235773599357	4.601834133492292	7.603214732574761E-4	0.5074005330031984	5.111742847947845	-67.53686575890345	5.864923009141358	0.6543577538808761	2.3216907255292663	0.8967545269879904
241000	-17350.163997106705	-17282.017807269018	-68.14618983768732	-17282.017807269018	4.40696099304016	7.962891810560034E-4	1.136535491462425	5.111742847947845	-64.48376950185434	4.937211338221205	1.6311598389557285	1.6298227849317803	0.2602666481417171
242000	-17341.76819536413	-17273.503597896197	-68.26459746793162	-17273.503597896197	4.666787077610219	7.468037634967887E-4	1.136535491462425	5.111742847947845	-64.84055521869936	4.909065917516257	0.4686373906906523	3.588340511660921	0.7951663714889798
243000	-17347.120815911956	-17279.889472638915	-67.23134327304105	-17279.889472638915	4.550777922162301	7.974645259010009E-4	1.081220343083743	5.111742847947845	-63.77889077252689	4.716980698218105	1.4564328804197513	1.7557128944346796	0.27005045112954135
244000	-17350.47206246979	-17283.246401551085	-67.22566091870466	-17283.246401551085	4.1593588012195655	7.714168381888214E-4	1.081220343083743	5.111742847947845	-64.04240936606494	4.355867771935548	1.1859115558856994	1.9548941936913138	0.41862672478257257
245000	-17344.068909882506	-17278.32635953373	-65.74255034877532	-17278.32635953373	4.243414486615979	9.205374270613685E-4	1.081220343083743	5.111742847947845	-62.36779958956697	4.7673939972729285	1.3115900986684428	1.623683853383021	0.3315014448118711
246000	-17352.40278305092	-17287.128485493493	-65.27429755742646	-17287.128485493493	4.0385314977476305	7.861636863054406E-4	0.5844082078456269	5.111742847947845	-62.605739787002946	4.97273464531831	0.6951406949514177	2.624432176017335	0.908225855315709
247000	-17352.09934546703	-17284.220413509116	-67.8789319579163	-17284.220413509116	4.397606316578166	8.048066496299465E-4	0.5844082078456269	5.111742847947845	-65.22299558483886	5.518205059102114	0.6474407318525601	2.439115215360369	0.7845323880920628
248000	-17348.3590767658	-17277.041243237887	-71.31783352791221	-17277.041243237887	4.516889288033357	8.215490632845276E-4	0.6169686321440612	5.111742847947845	-68.08054497321392	5.57921899695986	0.5637336391380245	3.6462225129820354	0.4457555634197291
249000	-17340.058459424195	-17274.9529296515	-65.1055297726963	-17274.9529296515	4.59857175981036	8.569295173534582E-4	0.6169686321440612	5.111742847947845	-62.59257825875944	4.643925369072971	0.8676108797950033	1.8931504931620917	0.6568794053344459
250000	-17344.846008755627	-17277.85796906517	-66.98803969045501	-17277.85796906517	4.639891777395463	8.682654988059769E-4	0.6169686321440612	5.111742847947845	-64.36864785726134	4.643925369072971	0.6507077308010346	2.517165466758644	0.7353034620741522
251000	-17336.988718529083	-17269.282313971355	-67.7064045577264	-17269.282313971355	4.596072872390154	8.309711968593006E-4	0.6169686321440612	5.111742847947845	-65.07560647647291	5.409980169208853	0.737403171189849	2.134753765939615	0.8375118428142612
252000	-17343.728693940368	-17279.867520765576	-63.86117317479312	-17279.867520765576	4.553466915250906	8.67000452873543E-4	0.6169686321440612	4.567209187352309	-61.47481152229608	4.876664737777696	0.5989057331271241	2.3723531352192686	0.989870274497227
253000	-17344.77672731698	-17276.26048965691	-68.51623766007195	-17276.26048965691	4.741575203848451	8.09144346357904E-4	0.6169686321440612	4.567209187352309	-65.76445369541452	5.4534171809783	0.7249416433475211	2.736137174850297	0.49923991870338374
254000	-17349.508497034694	-17277.94239238603	-71.56610464866228	-17277.94239238603	4.803981145234082	7.920405835135814E-4	0.6169686321440612	4.567209187352309	-69.34703277617784	4.895841305967738	1.033021500007551	1.3117911528770758	0.5169840809882097
255000	-17352.053090872272	-17282.164710445213	-69.88838042705949	-17282.164710445213	4.839026679247569	8.540949926106202E-4	1.6412101542777136	4.567209187352309	-65.71130596475572	5.222259798107758	1.7002938186299488	1.5900924359535538	0.1508219222605919
256000	-17348.707333510552	-17283.075905798964	-65.63142771158904	-17283.075905798964	4.429811238197507	8.214100775331876E-4	0.5142184879577	4.567209187352309	-63.224802465739	5.1888138598097875	0.6950367614323295	2.3924396555554597	0.8361120321675628
257000	-17332.72896145469	-17270.484054100365	-62.24490735432406	-17270.484054100365	4.250557950625514	8.556950764351209E-4	0.5142184879577	4.567209187352309	-59.67713520829943	4.255015190385711	1.0437902078449035	2.3221760330452432	0.4349427849474845
258000	-17341.130328204803	-17275.183225221626	-65.94710298317833	-17275.183225221626	4.482368559780228	9.522657831532578E-4	1.5299872836972144	4.567209187352309	-62.52097714377659	4.4911812057227625	0.8604650219048579	2.0863883806294163	0.9427729373515286
259000	-17348.817720737734	-17277.58837976984	-71.2293409678936	-17277.58837976984	4.809347805920635	7.781437754802252E-4	1.471400905652392	4.567209187352309	-67.58057645668785	5.696875705631737	0.5374749458070074	3.160784847905253	0.8717543202615465
260000	-17347.32002307487	-17270.17025910359	-77.1497639712795	-17270.17025910359	4.58153646830139	8.135800366254051E-4	1.471400905652392	4.567209187352309	-73.37051995463077	7.007939236914068	0.8211361678865233	2.2591234798289146	0.410780548761188
261000	-17340.759908712298	-17267.05595863735	-73.70395007494884	-17267.05595863735	4.684594589632682	7.866272187651952E-4	1.471400905652392	4.567209187352309	-70.13483482964747	4.7753847569744226	1.4386908262092672	1.5506840481849709	0.15556450829608068
262000	-17354.56410053885	-17281.622424681358	-72.94167585749184	-17281.622424681358	4.71956272550342	8.036300623200113E-4	1.471400905652392	4.567209187352309	-69.8681176788214	4.858128762611661	0.9436082756098454	1.4826317267574232	0.6885576725047747
263000	-17356.2647660232	-17285.850984465666	-70.41378155753368	-17285.850984465666	4.648766904990373	8.553416526555547E-4	1.471400905652392	4.567209187352309	-67.10141579443037	5.334252281163917	0.8693433832405987	1.8149040922696442	0.8655275496293893
264000	-17344.291074155983	-17281.303573617133	-62.9875005388505	-17281.303573617133	4.366628789178079	8.647067330385943E-4	1.471400905652392	4.056758403118818	-59.71732308719931	4.494532889922434	1.2005787671011248	1.6919798538518307	0.3909817940899147
265000	-17340.31969818045	-17273.411506205775	-66.90819197467337	-17273.411506205775	4.44814644094127	8.256215217032125E-4	1.471400905652392	4.056758403118818	-63.25568467810606	4.4517309513762005	1.7047821301036605	1.543524015768298	0.22302672891422512
266000	-17336.93964224913	-17271.08228234957	-65.8573598995611	-17271.08228234957	4.264687044662572	9.346263524726054E-4	1.471400905652392	4.056758403118818	-62.69335621728429	4.4517309513762005	0.9627611162662039	1.8325491533234113	0.6918899019601831
267000	-17342.486145158888	-17279.701482680986	-62.784662477899964	-17279.701482680986	4.193618183753924	8.250130671789917E-4	1.471400905652392	4.056758403118818	-59.53684467438396	4.23302382626312	0.9247675982462992	2.3828738524740722	0.4958944858178091
268000	-17344.45899813067	-17281.150878453787	-63.308119676881994	-17281.150878453787	4.186651464250074	8.522826937956181E-4	1.5525368102694441	4.056758403118818	-59.4121593586483	4.388459045398118	1.7357685542202002	1.7781718198402798	0.1693255314318489
269000	-17348.134990425075	-17282.80741770276	-65.32757272231535	-17282.80741770276	4.407135126262124	8.529579433735715E-4	1.5525368102694441	4.056758403118818	-61.81190416990339	4.9251543492565935	0.5649106093229292	3.143275557292083	0.744771105500098
270000	-17344.36391923973	-17279.534021350213	-64.82989788951664	-17279.534021350213	4.522890476808221	8.489584252113335E-4	1.5525368102694441	4.1782482096366795	-61.47341022208554	4.579421932508904	1.0095423466623838	2.007246857495811	0.36665478831349496
271000	-17341.766570887332	-17274.877728748546	-66.88884213878434	-17274.877728748546	4.426566465708348	8.799685620330008E-4	1.5525368102694441	4.1782482096366795	-63.34215997149357	4.710742745993055	0.6328332301212072	3.0265054912605014	0.7420862480047071
272000	-17336.873357431235	-17271.556537130775	-65.31682030046154	-17271.556537130775	4.360979643018949	8.157217941472005E-4	1.2770634453342047	4.85055663960602	-62.27606047207134	4.621815241939947	0.7927937515166045	2.015001324468513	0.5910794738203122
273000	-17347.020655909524	-17282.452550602844	-64.56810530667845	-17282.452550602844	4.356280361662469	7.729491798940257E-4	0.9474886549398791	4.85055663960602	-61.623651209471475	4.751326602781608	0.7001240605017557	2.700619509090101	0.8939805259723984
274000	-17336.11701852854	-17270.293671340612	-65.82334718792895	-17270.293671340612	4.598772822934129	8.600009545924088E-4	0.9474886549398791	4.5682576847144345	-62.99361210427166	5.083031507556329	0.9513181004008021	1.8240759214428126	0.7345969571185531
275000	-17341.90552690451	-17278.236532598898	-63.66899430561179	-17278.236532598898	4.247498262115684	9.092250955989295E-4	0.8531686545300778	4.5682576847144345	-60.79067444674989	4.368908866789465	1.1200436000898266	1.9596352475873235	0.3079913046937938
276000	-17347.210477059012	-17279.488322396384	-67.72215466262885	-17279.488322396384	4.200826142365185	8.635282694598797E-4	0.8531686545300778	4.5682576847144345	-64.64782535330001	5.003087587289815	1.3557283327077332	1.718006847363372	0.24726514531495997
277000	-17359.822874181962	-17290.943071821446	-68.879802360517	-17290.943071821446	4.505430334433947	7.853183134941512E-4	0.8531686545300778	4.5682576847144345	-66.12985603726966	5.0069654302538975	0.7459007048260199	2.443764905709595	0.5554488994220513
278000	-17347.208233140784	-17279.0184390036	-68.18979413718226	-17279.0184390036	4.326209118670538	7.912749834173341E-4	0.8531686545300778	4.5682576847144345	-65.46700788288918	5.199614817405449	0.799746489602696	2.192780103540751	0.44716698273155603
279000	-17343.38827429272	-17273.339642699117	-70.04863159360356	-17273.339642699117	4.479939410990932	8.658326112743035E-4	0.8531686545300778	4.082904277784178	-67.6682950647838	4.725287133571966	0.596973375816498	2.245252332935289	0.6558482288133253
280000	-17344.417900593715	-17274.465554413073	-69.95234618064103	-17274.465554413073	4.695853210852564	7.562837076659009E-4	0.8531686545300778	4.082904277784178	-67.68273626459077	4.911185931303081	0.794121561810083	1.7742410235334551	0.7520676839174143
281000	-17342.321078632263	-17272.323264808667	-69.99781382359802	-17272.323264808667	4.3563227316190005	7.044429475321358E-4	1.6949004828964993	4.082904277784178	-66.95596196167511	4.974747889474657	0.6193564216397653	2.0630482758854813	0.942719970657696
282000	-17340.323326315076	-17274.00899675284	-66.31432956223722	-17274.00899675284	4.323148396202451	7.99176020904212E-4	1.6949004828964993	4.082904277784178	-62.93415157458364	4.607485131568196	0.8735424532220561	2.1887674206006715	0.5915420290801533
283000	-17348.73002173575	-17280.362314354934	-68.36770738081856	-17280.362314354934	4.213956584874198	8.624510726496132E-4	1.6949004828964993	4.082904277784178	-64.60549172542771	4.215758720234246	0.5702780606007358	3.589512002360616	0.5215854017218741
284000	-17341.06819525153	-17271.601016726974	-69.46717852455399	-17271.601016726974	4.206723725501141	7.809175391832228E-4	1.6949004828964993	4.082904277784178	-66.54747287098672	4.215758720234246	0.836408605219354	1.5352979764089918	0.8952409039336789
285000	-17337.974354105387	-17271.68290434832	-66.29144975706767	-17271.68290434832	4.206723725501141	8.025156025100682E-4	1.6949004828964993	3.607332463057248	-63.26102946240185	4.210791447458307	0.8701450547265228	1.9503952192439145	0.5396546023740053
286000	-17340.770019685486	-17273.291768682597	-67.47825100289074	-17273.291768682597	4.19417455029049	8.582361078104009E-4	1.6949004828964993	3.607332463057248	-64.21177609890583	4.210791447458307	0.7304501306443847	2.59045327544572	0.5825905202808064
287000	-17344.025160593574	-17272.11976181678	-71.90539877679406	-17272.11976181678	4.543514756505557	7.838442144418607E-4	1.6949004828964993	3.607332463057248	-68.65966830081933	5.564802035399982	0.9533378952017848	1.7103684418709466	0.47321324942309
288000	-17354.137888568057	-17281.633745565174	-72.50414300288267	-17281.633745565174	4.711094446774526	8.296962014304693E-4	1.6949004828964993	3.607332463057248	-68.87447692715028	5.0958559769494665	0.6457596443255061	3.1892705925418214	0.6692190886614476
