#
#model:
#
#<?xml version="1.0" encoding="UTF-8" standalone="no"?><CompoundDistribution id="posterior">
#    <CompoundDistribution id="prior" name="distribution">
#        <distribution id="BDMM" originIsRootEdge="true" spec="bdmm.evolution.speciation.BirthDeathMigrationModelUncoloured" stateNumber="2" typeLabel="location" useRK="true">
#            <parameter dimension="2" id="geo-frequencies" lower="0.0" name="frequencies" spec="beast.base.inference.parameter.RealParameter" upper="1.0">1.0 0.0</parameter>
#            <parameter id="origin" lower="0.0" name="origin" spec="beast.base.inference.parameter.RealParameter" upper="Infinity">0.0</parameter>
#            <parameter dimension="6" id="becomeUninfectiousRate" lower="0.0" name="becomeUninfectiousRate" spec="beast.base.inference.parameter.RealParameter" upper="Infinity">1.0</parameter>
#            <parameter dimension="6" id="samplingProportion" lower="0.0" name="samplingProportion" spec="beast.base.inference.parameter.RealParameter" upper="1.0">0.08519855595667872 0.08519855595667872 0.08519855595667872 0.2528735632183908 0.2528735632183908 0.2528735632183908</parameter>
#            <parameter dimension="3" id="R0_base" lower="0.0" name="R0_base" spec="beast.base.inference.parameter.RealParameter" upper="Infinity">1.05</parameter>
#            <parameter id="lambda_ratio" lower="0.0" name="lambda_ratio" spec="beast.base.inference.parameter.RealParameter" upper="Infinity">0.9</parameter>
#            <parameter dimension="2" id="rateMatrix" lower="0.0" name="migrationMatrix" spec="beast.base.inference.parameter.RealParameter" upper="100.0">0.04 0.0</parameter>
#            <parameter dimension="6" id="r" name="removalProbability" spec="beast.base.inference.parameter.RealParameter">0.0</parameter>
#            <tree id="tree" origin="@origin" reverseTime="false" samplePopulationSizes="true" spec="master.BeastTreeFromMaster">
#                <model id="model" spec="master.model.Model">
#                    <populationType id="E" spec="master.model.PopulationType" typeName="E">
#                        <dim id="IntegerParameter" lower="0" spec="beast.base.inference.parameter.IntegerParameter" upper="0">2</dim>
#                    </populationType>
#                    <populationType id="I" spec="master.model.PopulationType" typeName="I">
#                        <dim id="IntegerParameter1" lower="0" spec="beast.base.inference.parameter.IntegerParameter" upper="0">2</dim>
#                    </populationType>
#                    <populationType id="T" spec="master.model.PopulationType" typeName="T">
#                        <dim id="IntegerParameter2" lower="0" spec="beast.base.inference.parameter.IntegerParameter" upper="0">2</dim>
#                    </populationType>
#                    <populationType id="A" spec="master.model.PopulationType" typeName="A">
#                        <dim id="IntegerParameter3" lower="0" spec="beast.base.inference.parameter.IntegerParameter" upper="0">2</dim>
#                    </populationType>
#                    <populationType id="As" spec="master.model.PopulationType" typeName="As">
#                        <dim id="IntegerParameter4" lower="0" spec="beast.base.inference.parameter.IntegerParameter" upper="0">2</dim>
#                    </populationType>
#                    <population id="S" populationName="S" spec="master.model.Population"/>
#                    <population id="D" populationName="D" spec="master.model.Population"/>
#                    <reactionGroup id="ReactionGroup" reactionGroupName="Infection" spec="master.model.ReactionGroup">
#                        <reaction id="Reaction" rate="0.002524717514124294" spec="master.model.Reaction">S:0 + I[0]:1 -&gt; E[0]:1 + I[0]:1</reaction>
#                        <reaction id="Reaction1" rate="0.0021249999999999997" spec="master.model.Reaction">S:0 + I[1]:1 -&gt; E[1]:1 + I[1]:1</reaction>
#                    </reactionGroup>
#                    <reactionGroup id="ReactionGroup1" reactionGroupName="TreatmentSampling" spec="master.model.ReactionGroup">
#                        <reaction id="Reaction2" rate="0.16666666666666669" spec="master.model.Reaction">I[0]:1 -&gt; T[0]:1 + A[0]:1</reaction>
#                        <reaction id="Reaction3" rate="0.5" spec="master.model.Reaction">I[1]:1 -&gt; T[1]:1 + A[1]:1</reaction>
#                    </reactionGroup>
#                    <reactionGroup id="ReactionGroup2" reactionGroupName="Treatment" spec="master.model.ReactionGroup">
#                        <reaction id="Reaction4" rate="1.5" spec="master.model.Reaction">I[0]:1 -&gt; T[0]:1</reaction>
#                        <reaction id="Reaction5" rate="1.1666666666666667" spec="master.model.Reaction">I[1]:1 -&gt; T[1]:1</reaction>
#                    </reactionGroup>
#                    <reaction id="Reaction6" rate="2.5" reactionName="Progression" spec="master.model.Reaction">E[i]:1 -&gt; I[i]:1</reaction>
#                    <reaction id="Reaction7" rate="1e+100" reactionName="SampleBranch" spec="master.model.Reaction">A[i]:1 -&gt; As[i]:1</reaction>
#                    <reaction id="Reaction8" rate="0.04" reactionName="Resistance" spec="master.model.Reaction">T[0]:1 -&gt; I[1]:1</reaction>
#                    <reaction id="Reaction9" rate="0.05" reactionName="Relapse" spec="master.model.Reaction">T[i]:1 -&gt; I[i]:1</reaction>
#                    <reaction id="Reaction10" rate="0.5" reactionName="Clearance" spec="master.model.Reaction">T[i]:1 -&gt; S:0</reaction>
#                    <reaction id="Reaction11" rate="0.41666666666666674" reactionName="Death" spec="master.model.Reaction">I[i]:1 -&gt; D</reaction>
#                </model>
#                <initialState id="InitState" spec="master.model.InitState">
#                    <populationSize id="PopulationSize" population="@S" size="999.0" spec="master.model.PopulationSize"/>
#                    <lineageSeed id="Individual" spec="master.model.Individual">
#                        <population id="Population" spec="master.model.Population" type="@I">
#                            <location id="IntegerParameter5" lower="0" spec="beast.base.inference.parameter.IntegerParameter" upper="0">0</location>
#                        </population>
#                    </lineageSeed>
#                </initialState>
#                <lineageEndCondition id="LineageEndCondition" isRejection="true" nLineages="0" spec="master.conditions.LineageEndCondition">
#                    <population id="Population1" spec="master.model.Population" type="@I">
#                        <location id="IntegerParameter6" lower="0" spec="beast.base.inference.parameter.IntegerParameter" upper="0">0</location>
#                    </population>
#                    <population id="Population2" spec="master.model.Population" type="@I">
#                        <location id="IntegerParameter7" lower="0" spec="beast.base.inference.parameter.IntegerParameter" upper="0">1</location>
#                    </population>
#                </lineageEndCondition>
#                <lineageEndCondition id="LineageEndCondition1" nLineages="150" spec="master.conditions.LineageEndCondition">
#                    <population id="Population3" spec="master.model.Population" type="@As">
#                        <location id="IntegerParameter8" lower="0" spec="beast.base.inference.parameter.IntegerParameter" upper="0">0</location>
#                    </population>
#                    <population id="Population4" spec="master.model.Population" type="@As">
#                        <location id="IntegerParameter9" lower="0" spec="beast.base.inference.parameter.IntegerParameter" upper="0">1</location>
#                    </population>
#                </lineageEndCondition>
#                <inheritancePostProcessor id="LineageFilter" noClean="true" populationName="As" spec="master.postprocessors.LineageFilter"/>
#                <inheritancePostProcessor discard="true" id="LineageFilter1" leavesOnly="true" noClean="true" populationName="As" spec="master.postprocessors.LineageFilter"/>
#                <output fileName="tree_output.nexus" id="NexusOutput" spec="master.outputs.NexusOutput"/>
#            </tree>
#        </distribution>
#        <prior id="R0SensPrior" name="distribution" x="@R0_base">
#            <LogNormal id="LogNormalDistributionModel" name="distr">
#                <M id="Function$Constant" spec="beast.base.core.Function$Constant" value="0.0"/>
#                <S id="Function$Constant1" spec="beast.base.core.Function$Constant" value="0.5"/>
#            </LogNormal>
#        </prior>
#        <prior id="LambdaRatioPrior" name="distribution" x="@lambda_ratio">
#            <Beta id="Beta" name="distr">
#                <alpha id="Function$Constant2" spec="beast.base.core.Function$Constant" value="2.0"/>
#                <beta id="Function$Constant3" spec="beast.base.core.Function$Constant" value="2.0"/>
#            </Beta>
#        </prior>
#        <prior id="becomeUninfectiousRatePrior" name="distribution" x="@becomeUninfectiousRate">
#            <LogNormal id="LogNormalDistributionModel1" name="distr">
#                <M id="Function$Constant4" spec="beast.base.core.Function$Constant" value="0.0"/>
#                <S id="Function$Constant5" spec="beast.base.core.Function$Constant" value="0.5"/>
#            </LogNormal>
#        </prior>
#    </CompoundDistribution>
#</CompoundDistribution>
#
Sample	posterior	prior	BDMM	origin	samplingProportion.1	samplingProportion.2	samplingProportion.3	samplingProportion.4	samplingProportion.5	samplingProportion.6	becomeUninfectiousRate.1	becomeUninfectiousRate.2	becomeUninfectiousRate.3	becomeUninfectiousRate.4	becomeUninfectiousRate.5	becomeUninfectiousRate.6	R0_base.1	R0_base.2	R0_base.3	lambda_ratio	geo-frequencies.1	geo-frequencies.2	rateMatrix.1	rateMatrix.2	r.1	r.2	r.3	r.4	r.5	r.6
0	-665.6420847588391	-665.6420847588391	-662.8331230723865	32.23906190745772	0.08519855595667872	0.08519855595667872	0.08519855595667872	0.2528735632183908	0.2528735632183908	0.2528735632183908	1.0	1.0	1.0	1.0	1.0	1.0	1.05	1.05	1.05	0.9	1.0	0.0	0.04	0.0	0.0	0.0	0.0	0.0	0.0	0.0
1000	-649.3688360791688	-649.3688360791688	-647.5000988365128	32.23906190745772	0.08519855595667872	0.08519855595667872	0.08519855595667872	0.2528735632183908	0.2528735632183908	0.2528735632183908	0.47379665696921447	0.9517197394737663	0.8391052940433282	0.9585373449924168	0.9828924547196854	0.668847427676469	0.7558465641746732	1.088501676249056	0.9581521827883115	0.7261065372207295	1.0	0.0	0.04	0.0	0.0	0.0	0.0	0.0	0.0	0.0
2000	-648.8308427859496	-648.8308427859496	-646.1062965429277	32.23906190745772	0.08519855595667872	0.08519855595667872	0.08519855595667872	0.2528735632183908	0.2528735632183908	0.2528735632183908	0.37214331660358807	0.8826431626798878	0.8127781342194587	0.7906002503256903	0.5125436396094486	0.7383984247326623	0.9264468564203203	1.2051225349388943	0.9779906837638372	0.710847585924299	1.0	0.0	0.04	0.0	0.0	0.0	0.0	0.0	0.0	0.0
3000	-650.056712054728	-650.056712054728	-647.427920069877	32.23906190745772	0.08519855595667872	0.08519855595667872	0.08519855595667872	0.2528735632183908	0.2528735632183908	0.2528735632183908	0.39824879356068704	0.8531365587317461	0.9598371291349934	0.5176294961827107	0.7860067100058991	0.7874653515121384	0.784215671854652	1.3263797440298029	0.8922767233780351	0.7056165613636003	1.0	0.0	0.04	0.0	0.0	0.0	0.0	0.0	0.0	0.0
4000	-648.9882326853053	-648.9882326853053	-643.6072411296057	32.23906190745772	0.08519855595667872	0.08519855595667872	0.08519855595667872	0.2528735632183908	0.2528735632183908	0.2528735632183908	0.24506592790663323	0.8495613067202176	0.7835804459996046	1.6579004799749064	0.7873214704952216	0.6935632266385698	1.037478114841325	1.3246331637442808	0.9632487977905492	0.7140806519088304	1.0	0.0	0.04	0.0	0.0	0.0	0.0	0.0	0.0	0.0
5000	-649.6513767104043	-649.6513767104043	-646.6581879365611	32.23906190745772	0.08519855595667872	0.08519855595667872	0.08519855595667872	0.2528735632183908	0.2528735632183908	0.2528735632183908	0.39822334417620553	0.9365039119205593	0.7946874567154992	0.9910233657627915	0.9637214144769047	0.6363669985867444	0.4682706516794111	1.1364032333569183	0.9999140122460617	0.7568429366051203	1.0	0.0	0.04	0.0	0.0	0.0	0.0	0.0	0.0	0.0
6000	-654.7264006400349	-654.7264006400349	-643.603096197873	32.23906190745772	0.08519855595667872	0.08519855595667872	0.08519855595667872	0.2528735632183908	0.2528735632183908	0.2528735632183908	0.12870894653639903	0.9325139724133011	0.8370288856021686	2.160537499266342	1.1098403869138587	0.768912355133084	0.38480567548937206	1.215924654206223	0.897934140419397	0.7544819527663449	1.0	0.0	0.04	0.0	0.0	0.0	0.0	0.0	0.0	0.0
7000	-652.9851002785496	-652.9851002785496	-646.1544895428185	32.23906190745772	0.08519855595667872	0.08519855595667872	0.08519855595667872	0.2528735632183908	0.2528735632183908	0.2528735632183908	0.25120087626927884	0.7951484947282382	0.9447496529234101	2.601970378720376	0.745934771652743	0.5441102812468875	0.9034923907028891	1.1719778724832248	0.9806564575201778	0.595783302673809	1.0	0.0	0.04	0.0	0.0	0.0	0.0	0.0	0.0	0.0
8000	-647.460221084009	-647.460221084009	-644.0342058813899	32.23906190745772	0.08519855595667872	0.08519855595667872	0.08519855595667872	0.2528735632183908	0.2528735632183908	0.2528735632183908	0.3163637118507921	0.7534548251081209	0.7496504217244419	1.0840705331844651	1.010364205036539	0.7243099665722333	0.8930146309176925	1.2744375952547833	1.0034735527128587	0.7471984458409475	1.0	0.0	0.04	0.0	0.0	0.0	0.0	0.0	0.0	0.0
9000	-651.2772825259357	-651.2772825259357	-646.211031392454	32.23906190745772	0.08519855595667872	0.08519855595667872	0.08519855595667872	0.2528735632183908	0.2528735632183908	0.2528735632183908	0.24637501338583856	0.82980396671102	1.102190886137287	1.5379585254662704	0.8186315229971006	0.811319106874488	0.7760169823382159	1.288684224959326	0.9452317169922091	0.6863148866515144	1.0	0.0	0.04	0.0	0.0	0.0	0.0	0.0	0.0	0.0
10000	-649.4457174112949	-649.4457174112949	-643.1084506875543	32.23906190745772	0.08519855595667872	0.08519855595667872	0.08519855595667872	0.2528735632183908	0.2528735632183908	0.2528735632183908	0.22269864891297866	0.8840590116716337	0.8324822145829603	1.813499681016662	0.8823713224771788	0.715876676051681	1.2172649760857797	1.144309649641986	0.9147679178939263	0.7979762338034059	1.0	0.0	0.04	0.0	0.0	0.0	0.0	0.0	0.0	0.0
11000	-649.0842552162723	-649.0842552162723	-646.020561517158	32.23906190745772	0.08519855595667872	0.08519855595667872	0.08519855595667872	0.2528735632183908	0.2528735632183908	0.2528735632183908	0.41649203030115284	0.8331924591145378	0.8067408949517162	1.5079930020392127	0.8349281783862263	0.7133009160219799	1.0814290685878052	1.1060654852239442	0.9606330286566976	0.7612533693831481	1.0	0.0	0.04	0.0	0.0	0.0	0.0	0.0	0.0	0.0
12000	-650.9821950813575	-650.9821950813575	-647.66256458169	32.23906190745772	0.08519855595667872	0.08519855595667872	0.08519855595667872	0.2528735632183908	0.2528735632183908	0.2528735632183908	0.3176624332264783	0.6134477887406646	0.9249799636228898	0.7006246877313791	1.0121046608267281	0.7122849744724774	0.6264712207201779	1.3681882997789028	0.9131729389218444	0.6389753587530174	1.0	0.0	0.04	0.0	0.0	0.0	0.0	0.0	0.0	0.0
13000	-649.8733286128436	-649.8733286128436	-645.3617149610689	32.23906190745772	0.08519855595667872	0.08519855595667872	0.08519855595667872	0.2528735632183908	0.2528735632183908	0.2528735632183908	0.34161838949810713	0.9186554185079474	0.7951407301454952	1.5126621662061883	1.1153963797138666	0.6768266759602918	1.14216788227716	1.126849705433691	0.9489783279243331	0.8668934212020253	1.0	0.0	0.04	0.0	0.0	0.0	0.0	0.0	0.0	0.0
14000	-648.5017544636058	-648.5017544636058	-642.2369660450572	32.23906190745772	0.08519855595667872	0.08519855595667872	0.08519855595667872	0.2528735632183908	0.2528735632183908	0.2528735632183908	0.1905069672534879	0.9033996879392714	0.8639839944666915	1.2460212250134228	1.081752587015672	0.8180383402452807	0.7505180507107757	1.2341011526469872	1.028659818778445	0.8107842637508577	1.0	0.0	0.04	0.0	0.0	0.0	0.0	0.0	0.0	0.0
15000	-649.4792722253854	-649.4792722253854	-646.4822660597372	32.23906190745772	0.08519855595667872	0.08519855595667872	0.08519855595667872	0.2528735632183908	0.2528735632183908	0.2528735632183908	0.46139223350982395	0.7646473816689124	0.9045557733875961	0.40187643513243876	0.8178002665505425	0.6177597693557915	1.0254857621950015	1.3402604092638388	0.9290508793109777	0.6621402480633242	1.0	0.0	0.04	0.0	0.0	0.0	0.0	0.0	0.0	0.0
16000	-647.7936432177663	-647.7936432177663	-643.6880889662941	32.23906190745772	0.08519855595667872	0.08519855595667872	0.08519855595667872	0.2528735632183908	0.2528735632183908	0.2528735632183908	0.30375495748234244	0.8500272247633761	0.9228265520411807	1.5223490524323984	0.7297933923671982	0.7988800699890751	0.7707109989150538	1.2296079656929613	1.0041943176208543	0.755714260848367	1.0	0.0	0.04	0.0	0.0	0.0	0.0	0.0	0.0	0.0
17000	-649.9312775024446	-649.9312775024446	-647.3405119265374	32.23906190745772	0.08519855595667872	0.08519855595667872	0.08519855595667872	0.2528735632183908	0.2528735632183908	0.2528735632183908	0.4912326177329508	0.9543799778954409	0.853673550940413	0.8874571293295734	0.9412093965724401	0.8089436236825237	1.1096131281449049	1.2319993951974575	1.0350443838033458	0.840451952579666	1.0	0.0	0.04	0.0	0.0	0.0	0.0	0.0	0.0	0.0
18000	-651.3127704857404	-651.3127704857404	-647.396903322383	32.23906190745772	0.08519855595667872	0.08519855595667872	0.08519855595667872	0.2528735632183908	0.2528735632183908	0.2528735632183908	0.3932597879789839	0.9051160496846617	0.7496783752544762	0.8854487471372352	1.3944571662253145	0.9230863533370814	0.8661572786082973	1.2340895573777413	1.0775346302674058	0.8981953466973711	1.0	0.0	0.04	0.0	0.0	0.0	0.0	0.0	0.0	0.0
19000	-650.591272250883	-650.591272250883	-643.6526470531799	32.23906190745772	0.08519855595667872	0.08519855595667872	0.08519855595667872	0.2528735632183908	0.2528735632183908	0.2528735632183908	0.16469493561954815	0.7030422363163309	0.9093874220047582	1.0517403089576745	0.6958492475564391	0.716092303687952	1.2698378947407911	1.3395869877708857	1.0689216156948589	0.6139871481097581	1.0	0.0	0.04	0.0	0.0	0.0	0.0	0.0	0.0	0.0
20000	-650.5571184585499	-650.5571184585499	-644.9700775683463	32.23906190745772	0.08519855595667872	0.08519855595667872	0.08519855595667872	0.2528735632183908	0.2528735632183908	0.2528735632183908	0.21639756752462735	0.858334680639688	0.8998691665044978	1.1153970397064155	0.9695065073284103	0.6828155879261518	1.3903569156994657	1.3148504369514147	0.9887408689426173	0.57333765043764	1.0	0.0	0.04	0.0	0.0	0.0	0.0	0.0	0.0	0.0
21000	-650.3281150389815	-650.3281150389815	-644.0317008592442	32.23906190745772	0.08519855595667872	0.08519855595667872	0.08519855595667872	0.2528735632183908	0.2528735632183908	0.2528735632183908	0.17093085289077498	0.8480906455563716	0.8186378461027308	1.1629126275349178	0.6095480563140696	0.6540563854507518	0.8000505220427209	1.1627580744485744	1.1081662619180186	0.6554730744336792	1.0	0.0	0.04	0.0	0.0	0.0	0.0	0.0	0.0	0.0
22000	-647.5226766332266	-647.5226766332266	-642.6917108853637	32.23906190745772	0.08519855595667872	0.08519855595667872	0.08519855595667872	0.2528735632183908	0.2528735632183908	0.2528735632183908	0.24751578299007476	0.7708790442738083	0.7482519525191192	0.8390994592972502	0.9572672971847043	0.82782436087726	0.9311816974702312	1.175280034858319	1.0099663579178706	0.9038457622289953	1.0	0.0	0.04	0.0	0.0	0.0	0.0	0.0	0.0	0.0
23000	-650.6292930707817	-650.6292930707817	-646.9332921934864	32.23906190745772	0.08519855595667872	0.08519855595667872	0.08519855595667872	0.2528735632183908	0.2528735632183908	0.2528735632183908	0.3123700299857935	0.7251799596128984	0.9179158745815604	0.8221428173843065	1.129692168505796	0.8071358916257646	1.0507321231076912	1.1332392232826005	1.0163439860318362	0.8302869429511048	1.0	0.0	0.04	0.0	0.0	0.0	0.0	0.0	0.0	0.0
24000	-648.493180056045	-648.493180056045	-645.9520548365383	32.23906190745772	0.08519855595667872	0.08519855595667872	0.08519855595667872	0.2528735632183908	0.2528735632183908	0.2528735632183908	0.4148380070585686	0.8378054769302119	0.8182409167786794	1.0880435514916376	0.5910061031043825	0.6505639655705984	0.8487153784737261	1.1692921703080135	0.9784204419311181	0.7686284318324225	1.0	0.0	0.04	0.0	0.0	0.0	0.0	0.0	0.0	0.0
25000	-651.0734030266511	-651.0734030266511	-645.0291259905581	32.23906190745772	0.08519855595667872	0.08519855595667872	0.08519855595667872	0.2528735632183908	0.2528735632183908	0.2528735632183908	0.24918959948874955	0.7757991141796282	0.8643249129043497	0.5093385950861569	1.1025232068593165	0.8299796690746852	0.36932744224434616	1.1234700055261724	1.0241374840633726	0.8682153650414469	1.0	0.0	0.04	0.0	0.0	0.0	0.0	0.0	0.0	0.0
26000	-652.3077201046593	-652.3077201046593	-645.3955444531656	32.23906190745772	0.08519855595667872	0.08519855595667872	0.08519855595667872	0.2528735632183908	0.2528735632183908	0.2528735632183908	0.2084145690139348	0.9037354263971106	0.6745711051283956	1.9163085430747737	0.8570151958790433	0.7069061556133159	1.109720332227479	1.2867772520235452	1.0368266114105436	0.7440559343829998	1.0	0.0	0.04	0.0	0.0	0.0	0.0	0.0	0.0	0.0
27000	-651.1311220710935	-651.1311220710935	-645.841170328857	32.23906190745772	0.08519855595667872	0.08519855595667872	0.08519855595667872	0.2528735632183908	0.2528735632183908	0.2528735632183908	0.387007941439191	0.825031229508997	0.737168115126809	1.118294064079279	1.120042254702249	0.7921980729419204	0.599293277206808	1.389036471871458	0.9290482294301573	0.9768282461162124	1.0	0.0	0.04	0.0	0.0	0.0	0.0	0.0	0.0	0.0
28000	-650.6316932602856	-650.6316932602856	-646.5819753695406	32.23906190745772	0.08519855595667872	0.08519855595667872	0.08519855595667872	0.2528735632183908	0.2528735632183908	0.2528735632183908	0.3538359213243987	0.7302275520355771	0.9461323695794492	0.8952430127067046	0.7928927049769705	0.8164198253626576	1.0235306559779034	1.3588956582742364	0.9326748940058166	0.9296679153293883	1.0	0.0	0.04	0.0	0.0	0.0	0.0	0.0	0.0	0.0
29000	-646.8609232094876	-646.8609232094876	-643.7231065084558	32.23906190745772	0.08519855595667872	0.08519855595667872	0.08519855595667872	0.2528735632183908	0.2528735632183908	0.2528735632183908	0.36565692980277803	0.8321891120515044	0.7962262088379366	0.651485267109155	1.0397298558856627	0.7575012739957783	0.6302444901586274	1.2903161090708652	1.012638811009154	0.8168815556794718	1.0	0.0	0.04	0.0	0.0	0.0	0.0	0.0	0.0	0.0
30000	-648.6108636059404	-648.6108636059404	-643.6660635114716	32.23906190745772	0.08519855595667872	0.08519855595667872	0.08519855595667872	0.2528735632183908	0.2528735632183908	0.2528735632183908	0.2593174806913535	0.7956472582179411	0.9493565377041612	1.1760371646211272	0.9569418665526721	0.7010880996876845	0.4192586345646512	1.3214865082433926	0.9617752789048983	0.6412667007606522	1.0	0.0	0.04	0.0	0.0	0.0	0.0	0.0	0.0	0.0
31000	-648.4289771976404	-648.4289771976404	-644.7696769585558	32.23906190745772	0.08519855595667872	0.08519855595667872	0.08519855595667872	0.2528735632183908	0.2528735632183908	0.2528735632183908	0.35565966823167366	0.8199406835461065	0.8691152726462937	0.6767289437269097	0.9257228210422549	0.8968651087790092	1.0141226010339808	1.2945837466295842	0.9618588052728311	0.899307821851887	1.0	0.0	0.04	0.0	0.0	0.0	0.0	0.0	0.0	0.0
32000	-649.267204747335	-649.267204747335	-643.550843242521	32.23906190745772	0.08519855595667872	0.08519855595667872	0.08519855595667872	0.2528735632183908	0.2528735632183908	0.2528735632183908	0.2605970010499101	0.8766796941154319	0.7958221843979628	0.8949771265816509	1.1891931844012922	0.7817098044623157	1.5519056979700254	1.2211466682882384	1.0070833870972118	0.8857088087660895	1.0	0.0	0.04	0.0	0.0	0.0	0.0	0.0	0.0	0.0
33000	-651.5932870321056	-651.5932870321056	-645.8627087393088	32.23906190745772	0.08519855595667872	0.08519855595667872	0.08519855595667872	0.2528735632183908	0.2528735632183908	0.2528735632183908	0.2435903067900881	0.8837402281512876	0.8592545450641362	1.4912754873541165	1.1767584871349959	0.7951716777060515	1.3782660139516452	1.1196000967191062	1.067780683719341	0.7007991046566886	1.0	0.0	0.04	0.0	0.0	0.0	0.0	0.0	0.0	0.0
34000	-651.4312635593346	-651.4312635593346	-649.5113239449298	32.23906190745772	0.08519855595667872	0.08519855595667872	0.08519855595667872	0.2528735632183908	0.2528735632183908	0.2528735632183908	0.4241761350637784	0.772027101776218	0.930152686225488	1.0043076638336124	0.7625272904424858	0.7028594131804247	0.9469089006940142	1.087939231044911	1.0230431007836034	0.5643209168844663	1.0	0.0	0.04	0.0	0.0	0.0	0.0	0.0	0.0	0.0
35000	-650.430629100409	-650.430629100409	-644.5525906157236	32.23906190745772	0.08519855595667872	0.08519855595667872	0.08519855595667872	0.2528735632183908	0.2528735632183908	0.2528735632183908	0.2585932996049332	0.777524219805799	0.7827805114620825	1.5903628670189407	1.0524919932906305	0.8275622720458835	1.0779076889701213	1.2085218412205703	0.884698704537742	0.9091133869036316	1.0	0.0	0.04	0.0	0.0	0.0	0.0	0.0	0.0	0.0
36000	-648.3902356813029	-648.3902356813029	-644.5622004356671	32.23906190745772	0.08519855595667872	0.08519855595667872	0.08519855595667872	0.2528735632183908	0.2528735632183908	0.2528735632183908	0.27506288656992633	0.8171237396927069	0.7889282133069497	0.7080781761441163	0.9984918941743562	0.7996895030855542	0.9101009277187576	1.3019665852305882	0.9269934080661112	0.7795084197075459	1.0	0.0	0.04	0.0	0.0	0.0	0.0	0.0	0.0	0.0
37000	-650.2362800776988	-650.2362800776988	-643.2619010809149	32.23906190745772	0.08519855595667872	0.08519855595667872	0.08519855595667872	0.2528735632183908	0.2528735632183908	0.2528735632183908	0.29252483520196243	0.7686032275870963	0.7797833407068618	2.751305104284394	0.959532596159503	0.6986443806007337	0.5727289417315501	1.1906198201667608	0.9793170059333944	0.836681058464749	1.0	0.0	0.04	0.0	0.0	0.0	0.0	0.0	0.0	0.0
38000	-647.8261214342731	-647.8261214342731	-643.257448025482	32.23906190745772	0.08519855595667872	0.08519855595667872	0.08519855595667872	0.2528735632183908	0.2528735632183908	0.2528735632183908	0.21108672508960913	0.7717365740466822	0.8722856270858987	0.7487432932380462	0.7220886676445125	0.7160075144525879	0.8661484306740372	1.2130455691087085	0.931613442260993	0.6709816951318489	1.0	0.0	0.04	0.0	0.0	0.0	0.0	0.0	0.0	0.0
39000	-651.1510950409231	-651.1510950409231	-647.0356892057539	32.23906190745772	0.08519855595667872	0.08519855595667872	0.08519855595667872	0.2528735632183908	0.2528735632183908	0.2528735632183908	0.304875671583712	0.8166512892165326	0.8081918552988581	1.268580359532396	1.0845373811167969	0.8066544251074823	1.0519141514490964	1.1825775994996044	1.156001909459787	0.7573646253138709	1.0	0.0	0.04	0.0	0.0	0.0	0.0	0.0	0.0	0.0
40000	-651.4083604643404	-651.4083604643404	-644.5279905507167	32.23906190745772	0.08519855595667872	0.08519855595667872	0.08519855595667872	0.2528735632183908	0.2528735632183908	0.2528735632183908	0.23677929110793547	0.961889635870761	0.7982200788755104	1.9497376004010545	0.8140929060338776	0.6822077055815109	1.5548330918480517	1.1180544534059853	1.0161104308080275	0.7783241651609761	1.0	0.0	0.04	0.0	0.0	0.0	0.0	0.0	0.0	0.0
41000	-650.4024037619579	-650.4024037619579	-645.7291170554664	32.23906190745772	0.08519855595667872	0.08519855595667872	0.08519855595667872	0.2528735632183908	0.2528735632183908	0.2528735632183908	0.27827357729895674	0.7807578106270975	0.8736859765187366	1.4178524440196958	0.6082990673398652	0.7632897925345044	1.0239994186154218	1.1448234711088134	0.8775067029571519	0.8566443690358156	1.0	0.0	0.04	0.0	0.0	0.0	0.0	0.0	0.0	0.0
42000	-648.8132707426263	-648.8132707426263	-645.3906223681236	32.23906190745772	0.08519855595667872	0.08519855595667872	0.08519855595667872	0.2528735632183908	0.2528735632183908	0.2528735632183908	0.43082161328310437	0.7025879630248787	0.8180832880299461	1.3429647652790941	1.177604980450225	0.744747757707953	0.9414548675287996	1.3882305120108507	0.9407402736931784	0.7990078071639275	1.0	0.0	0.04	0.0	0.0	0.0	0.0	0.0	0.0	0.0
43000	-649.3155264134342	-649.3155264134342	-645.2914026403973	32.23906190745772	0.08519855595667872	0.08519855595667872	0.08519855595667872	0.2528735632183908	0.2528735632183908	0.2528735632183908	0.27169675154694084	0.9688400824312876	0.7900284935227729	1.1432520742218961	0.8645122753801827	0.6486477662042079	0.7443696732478203	1.2944122674081402	1.03078845234006	0.6853932077924023	1.0	0.0	0.04	0.0	0.0	0.0	0.0	0.0	0.0	0.0
44000	-652.0543053630596	-652.0543053630596	-650.2859386634944	32.23906190745772	0.08519855595667872	0.08519855595667872	0.08519855595667872	0.2528735632183908	0.2528735632183908	0.2528735632183908	0.6607834847224802	0.9551735530692969	0.8178618768588536	1.2582961238072539	0.7513645109348807	0.6617966177549868	0.7772102959979328	1.096239826622567	1.0631018860623793	0.7035468225452634	1.0	0.0	0.04	0.0	0.0	0.0	0.0	0.0	0.0	0.0
45000	-650.1261572254512	-650.1261572254512	-644.5136010689047	32.23906190745772	0.08519855595667872	0.08519855595667872	0.08519855595667872	0.2528735632183908	0.2528735632183908	0.2528735632183908	0.34957714843069443	0.7110337676767655	0.7704805308066932	1.323904624924259	1.390102970913071	0.7921673522348148	0.5543995644311307	1.4004859118967363	0.9738477186718959	0.9441447554216575	1.0	0.0	0.04	0.0	0.0	0.0	0.0	0.0	0.0	0.0
46000	-652.6686684505198	-652.6686684505198	-649.1196434613615	32.23906190745772	0.08519855595667872	0.08519855595667872	0.08519855595667872	0.2528735632183908	0.2528735632183908	0.2528735632183908	0.3913356908815276	0.8930133433117486	0.7670838371339271	0.816451186423357	1.0656708962578314	0.8057736862708212	1.6552913658112245	1.12406543392395	1.0350258500539427	0.7511296314867784	1.0	0.0	0.04	0.0	0.0	0.0	0.0	0.0	0.0	0.0
47000	-649.2176067761916	-649.2176067761916	-644.6254294735462	32.23906190745772	0.08519855595667872	0.08519855595667872	0.08519855595667872	0.2528735632183908	0.2528735632183908	0.2528735632183908	0.22114838893633815	0.9950542984598255	0.9684495972091054	0.8720937580817173	0.8813004608760943	0.7115006025857266	0.6947012045078482	1.1222521593495747	0.9505985502747721	0.7394932361562121	1.0	0.0	0.04	0.0	0.0	0.0	0.0	0.0	0.0	0.0
48000	-652.32933699769	-652.32933699769	-649.8442580775767	32.23906190745772	0.08519855595667872	0.08519855595667872	0.08519855595667872	0.2528735632183908	0.2528735632183908	0.2528735632183908	0.46327338944646507	0.8264317325625786	0.8273065609491438	1.3394017583466604	0.9646082994766769	0.5818795721899731	0.6971868464819674	1.1738738397490327	0.8485723529878046	0.7147848429093153	1.0	0.0	0.04	0.0	0.0	0.0	0.0	0.0	0.0	0.0
49000	-649.9131522185706	-649.9131522185706	-646.3508892998706	32.23906190745772	0.08519855595667872	0.08519855595667872	0.08519855595667872	0.2528735632183908	0.2528735632183908	0.2528735632183908	0.31345964160227996	0.668201714127414	0.8815015720096423	1.2849396119779652	0.910320713070394	0.8440460514105438	0.7985567696121915	1.2170296708833952	0.9966019963183719	0.7318012064809165	1.0	0.0	0.04	0.0	0.0	0.0	0.0	0.0	0.0	0.0
50000	-647.825401732367	-647.825401732367	-643.8388574193016	32.23906190745772	0.08519855595667872	0.08519855595667872	0.08519855595667872	0.2528735632183908	0.2528735632183908	0.2528735632183908	0.24210750597564548	0.8382596185952688	0.8701205046210997	0.8790035351878323	0.8448319124019043	0.7130391638511626	0.946361675640347	1.23878751248381	0.9389322890498462	0.6422913266146164	1.0	0.0	0.04	0.0	0.0	0.0	0.0	0.0	0.0	0.0
51000	-648.0108408085233	-648.0108408085233	-644.8729179771154	32.23906190745772	0.08519855595667872	0.08519855595667872	0.08519855595667872	0.2528735632183908	0.2528735632183908	0.2528735632183908	0.33827779133361263	0.673440059245143	0.8839027698203065	0.7981062158859851	1.0539011302320747	0.7226242641792068	0.9026846758544395	1.397383071447904	0.9598231077933268	0.6930030660406864	1.0	0.0	0.04	0.0	0.0	0.0	0.0	0.0	0.0	0.0
52000	-648.4718429887595	-648.4718429887595	-642.8914173004435	32.23906190745772	0.08519855595667872	0.08519855595667872	0.08519855595667872	0.2528735632183908	0.2528735632183908	0.2528735632183908	0.27141788844620895	0.8168712851381013	0.7875729085870681	1.8125824222781446	1.0669430699904197	0.7456027600676081	1.1753256022497198	1.2001594969103515	1.0133242585596416	0.7784190976492198	1.0	0.0	0.04	0.0	0.0	0.0	0.0	0.0	0.0	0.0
53000	-647.4352211114087	-647.4352211114087	-644.643226760265	32.23906190745772	0.08519855595667872	0.08519855595667872	0.08519855595667872	0.2528735632183908	0.2528735632183908	0.2528735632183908	0.37494024768815565	0.8425175841538028	0.7906325847130614	0.6296985888050202	0.7574839623582704	0.6789413944554376	0.6836804964057338	1.2738857750921633	0.9337456127630626	0.8124819401687453	1.0	0.0	0.04	0.0	0.0	0.0	0.0	0.0	0.0	0.0
54000	-649.3467895329069	-649.3467895329069	-645.4919367532208	32.23906190745772	0.08519855595667872	0.08519855595667872	0.08519855595667872	0.2528735632183908	0.2528735632183908	0.2528735632183908	0.37444074388374726	0.8087284807499701	0.6754434902975266	0.8037243821623162	1.255079301951518	0.7196300844476058	1.06172487118689	1.2638388696541756	1.0415474581338608	0.889986084123446	1.0	0.0	0.04	0.0	0.0	0.0	0.0	0.0	0.0	0.0
55000	-648.309439927289	-648.309439927289	-646.001716990445	32.23906190745772	0.08519855595667872	0.08519855595667872	0.08519855595667872	0.2528735632183908	0.2528735632183908	0.2528735632183908	0.38355542653798186	0.8603977917380825	0.8266112786256898	0.8675732864767856	0.8531724764858557	0.7162681041797138	0.7448923448037411	1.0657433229543045	0.9796276582176543	0.791642991096799	1.0	0.0	0.04	0.0	0.0	0.0	0.0	0.0	0.0	0.0
56000	-646.4758065150711	-646.4758065150711	-642.3142749587121	32.23906190745772	0.08519855595667872	0.08519855595667872	0.08519855595667872	0.2528735632183908	0.2528735632183908	0.2528735632183908	0.2575193955840176	0.7965600455000207	0.8383660884758882	1.12005568522765	0.7058283715899331	0.7637953505917255	0.902087074794091	1.208255532467343	1.0116077532239314	0.771272863935402	1.0	0.0	0.04	0.0	0.0	0.0	0.0	0.0	0.0	0.0
57000	-648.8417731215009	-648.8417731215009	-645.6250319166661	32.23906190745772	0.08519855595667872	0.08519855595667872	0.08519855595667872	0.2528735632183908	0.2528735632183908	0.2528735632183908	0.32914195634258403	0.8780008373825866	0.8255310293545283	0.6370230855335035	1.0109152950952711	0.6141511559346183	0.7093919221167975	1.3038336131891939	1.0380212081288904	0.6881526749968535	1.0	0.0	0.04	0.0	0.0	0.0	0.0	0.0	0.0	0.0
58000	-655.3712584389019	-655.3712584389019	-650.5291726244023	32.23906190745772	0.08519855595667872	0.08519855595667872	0.08519855595667872	0.2528735632183908	0.2528735632183908	0.2528735632183908	0.37071258598421775	0.8667986221959162	1.0389799280188374	0.30812476704130376	1.0352476236132708	0.5573399342704776	0.47629842489965746	1.1488942710285623	1.0312085259848627	0.5073748048437756	1.0	0.0	0.04	0.0	0.0	0.0	0.0	0.0	0.0	0.0
59000	-650.5474590186216	-650.5474590186216	-645.0546691136717	32.23906190745772	0.08519855595667872	0.08519855595667872	0.08519855595667872	0.2528735632183908	0.2528735632183908	0.2528735632183908	0.22295163961457926	0.6254465807904136	0.9541799748230648	0.49943108842477657	0.6911053283352445	0.6584233223232737	1.189294184231584	1.3319730220819967	0.9691079993012759	0.6996465336339279	1.0	0.0	0.04	0.0	0.0	0.0	0.0	0.0	0.0	0.0
60000	-650.4581096197552	-650.4581096197552	-642.99887876498	32.23906190745772	0.08519855595667872	0.08519855595667872	0.08519855595667872	0.2528735632183908	0.2528735632183908	0.2528735632183908	0.2882587808312513	0.7955328986111585	0.8096663479258622	2.396670920940474	0.9939018896966103	0.8814579085184715	0.7113517898354877	1.2702533538560432	1.0161240756951129	0.9502072279045541	1.0	0.0	0.04	0.0	0.0	0.0	0.0	0.0	0.0	0.0
61000	-651.3734726754219	-651.3734726754219	-646.7002683258374	32.23906190745772	0.08519855595667872	0.08519855595667872	0.08519855595667872	0.2528735632183908	0.2528735632183908	0.2528735632183908	0.3737678548548774	0.9905010251350601	0.8350996456537085	0.5384501247668722	1.4086031648328277	0.8411015840076685	0.7159062309104657	1.2160788709793786	1.0174362591763637	0.9359134710329786	1.0	0.0	0.04	0.0	0.0	0.0	0.0	0.0	0.0	0.0
62000	-647.6060236466009	-647.6060236466009	-643.9217428576742	32.23906190745772	0.08519855595667872	0.08519855595667872	0.08519855595667872	0.2528735632183908	0.2528735632183908	0.2528735632183908	0.33883067679415496	0.861473877613745	0.7622440187939371	1.1841113265734835	0.8265363265228206	0.7860506743345775	1.1899391157883823	1.2190987209821647	1.0116733215411566	0.8183439048260926	1.0	0.0	0.04	0.0	0.0	0.0	0.0	0.0	0.0	0.0
63000	-649.0430112998215	-649.0430112998215	-642.2399872052944	32.23906190745772	0.08519855595667872	0.08519855595667872	0.08519855595667872	0.2528735632183908	0.2528735632183908	0.2528735632183908	0.1572356894231022	0.8509740435725162	0.9748911318423001	0.5728732708601516	0.86583286935433	0.6846878204844001	0.5924191753866169	1.2853531560145828	0.9965153086664316	0.6074166842337603	1.0	0.0	0.04	0.0	0.0	0.0	0.0	0.0	0.0	0.0
64000	-651.4080017768059	-651.4080017768059	-644.2632427278879	32.23906190745772	0.08519855595667872	0.08519855595667872	0.08519855595667872	0.2528735632183908	0.2528735632183908	0.2528735632183908	0.1494821139233527	0.7165034608794179	0.949290005469771	0.8567279948687655	0.7873832268878926	0.6409167468089716	0.8159587900984954	1.5116610694042947	0.9257298948084078	0.6243648536839996	1.0	0.0	0.04	0.0	0.0	0.0	0.0	0.0	0.0	0.0
65000	-656.3365033389248	-656.3365033389248	-646.4073580233791	32.23906190745772	0.08519855595667872	0.08519855595667872	0.08519855595667872	0.2528735632183908	0.2528735632183908	0.2528735632183908	0.15652853194382332	0.7187223683271367	0.8602665086802258	0.518422630219332	0.9677957793543083	0.7971425664073121	1.1048648450187857	1.578051350434555	0.9419505364788732	0.9791408411812986	1.0	0.0	0.04	0.0	0.0	0.0	0.0	0.0	0.0	0.0
66000	-649.3218065946298	-649.3218065946298	-644.4447822058752	32.23906190745772	0.08519855595667872	0.08519855595667872	0.08519855595667872	0.2528735632183908	0.2528735632183908	0.2528735632183908	0.3069418771225911	0.7825947868325499	0.7646664932525361	1.8467901317966762	0.7286519375812508	0.7962527730604959	0.9654429805037544	1.3185310695913357	1.0656329527529207	0.75324729108238	1.0	0.0	0.04	0.0	0.0	0.0	0.0	0.0	0.0	0.0
67000	-653.0933422902134	-653.0933422902134	-646.2470343429283	32.23906190745772	0.08519855595667872	0.08519855595667872	0.08519855595667872	0.2528735632183908	0.2528735632183908	0.2528735632183908	0.18496210390325823	0.8099874426482523	0.702388304660906	0.8938419000136243	1.5404280829245436	0.6104482055707484	0.81952854958354	1.1734518539646484	1.0268806781130153	0.8369831420476221	1.0	0.0	0.04	0.0	0.0	0.0	0.0	0.0	0.0	0.0
68000	-650.7955672768564	-650.7955672768564	-647.5648181427471	32.23906190745772	0.08519855595667872	0.08519855595667872	0.08519855595667872	0.2528735632183908	0.2528735632183908	0.2528735632183908	0.3197278618403978	0.8801393737803963	0.6920910344997696	0.7028751760886062	0.7257323726950191	0.6704404575553244	0.9063526286266796	1.2692580393580521	1.1453205032172353	0.7077620363538356	1.0	0.0	0.04	0.0	0.0	0.0	0.0	0.0	0.0	0.0
69000	-649.2850622979656	-649.2850622979656	-647.5013158734083	32.23906190745772	0.08519855595667872	0.08519855595667872	0.08519855595667872	0.2528735632183908	0.2528735632183908	0.2528735632183908	0.5994782612768123	0.7371602441661357	0.8942104152411763	0.6999024549246349	1.0932051722915916	0.7547063662385943	0.8415690270998326	1.2829053831550314	0.9545558769407892	0.7364002263851375	1.0	0.0	0.04	0.0	0.0	0.0	0.0	0.0	0.0	0.0
70000	-654.1846104994152	-654.1846104994152	-643.9038880897604	32.23906190745772	0.08519855595667872	0.08519855595667872	0.08519855595667872	0.2528735632183908	0.2528735632183908	0.2528735632183908	0.13956361509705895	0.7520152708584243	0.7527760159086214	0.2698226741206864	1.018116112143985	0.8321141767378203	0.7317405489831696	1.363949078888866	0.8954975738924335	0.8692690326164652	1.0	0.0	0.04	0.0	0.0	0.0	0.0	0.0	0.0	0.0
71000	-647.6072567759184	-647.6072567759184	-643.2562357727861	32.23906190745772	0.08519855595667872	0.08519855595667872	0.08519855595667872	0.2528735632183908	0.2528735632183908	0.2528735632183908	0.26183835781228676	0.805812308664087	0.9199720627879334	0.532484787154649	1.1114323761555118	0.7222663435924777	0.602339981594976	1.2093425454568234	0.9451557871734468	0.7422161535234207	1.0	0.0	0.04	0.0	0.0	0.0	0.0	0.0	0.0	0.0
72000	-649.6497481115218	-649.6497481115218	-644.9348768509976	32.23906190745772	0.08519855595667872	0.08519855595667872	0.08519855595667872	0.2528735632183908	0.2528735632183908	0.2528735632183908	0.31251831638606875	0.7142610679265624	0.8314987557400877	0.9973312449485024	1.5577977776014296	0.8542911376606005	0.898906102486071	1.3034123722458226	0.9899837394809626	0.8606909472153649	1.0	0.0	0.04	0.0	0.0	0.0	0.0	0.0	0.0	0.0
73000	-649.6614565695045	-649.6614565695045	-644.6110312488773	32.23906190745772	0.08519855595667872	0.08519855595667872	0.08519855595667872	0.2528735632183908	0.2528735632183908	0.2528735632183908	0.24644283810873893	0.8281956848130342	0.8128344550790891	1.1104156329465795	1.2520803334862183	0.6211708796038983	0.8810011574223814	1.1978921674856693	0.9379854567405479	0.8387751489571666	1.0	0.0	0.04	0.0	0.0	0.0	0.0	0.0	0.0	0.0
74000	-649.7708967790231	-649.7708967790231	-646.3685488382188	32.23906190745772	0.08519855595667872	0.08519855595667872	0.08519855595667872	0.2528735632183908	0.2528735632183908	0.2528735632183908	0.4920072619774393	0.7716387853207188	0.8484713488330787	1.7005527461676024	0.5927897953950757	0.7880573858133284	1.0398490588964833	1.2844791505887139	1.0144708508858191	0.7498782567837564	1.0	0.0	0.04	0.0	0.0	0.0	0.0	0.0	0.0	0.0
75000	-651.7105578190434	-651.7105578190434	-646.97130157819	32.23906190745772	0.08519855595667872	0.08519855595667872	0.08519855595667872	0.2528735632183908	0.2528735632183908	0.2528735632183908	0.290384834584087	0.8698251023739874	0.8237490687527523	1.2996959221369417	1.2797923781592337	0.6121265290282181	1.2568791729187292	1.107225651519176	0.9804711666946412	0.7597382573560402	1.0	0.0	0.04	0.0	0.0	0.0	0.0	0.0	0.0	0.0
76000	-650.282174836323	-650.282174836323	-647.8943864481242	32.23906190745772	0.08519855595667872	0.08519855595667872	0.08519855595667872	0.2528735632183908	0.2528735632183908	0.2528735632183908	0.5096163724666835	0.8243061773396078	0.9262349145267554	0.7515936598237423	1.0357309004172592	0.6355775833813312	1.2348644786566374	1.3121979658848704	0.9836755919049732	0.6769104559956745	1.0	0.0	0.04	0.0	0.0	0.0	0.0	0.0	0.0	0.0
77000	-648.5645869679888	-648.5645869679888	-644.6151654938635	32.23906190745772	0.08519855595667872	0.08519855595667872	0.08519855595667872	0.2528735632183908	0.2528735632183908	0.2528735632183908	0.2560894329483133	0.705788249962972	0.8229889287696811	0.9271884226719607	0.6151148943414874	0.7068221757330375	0.8698095595917081	1.1688990510012642	1.051077265722801	0.723643151488196	1.0	0.0	0.04	0.0	0.0	0.0	0.0	0.0	0.0	0.0
78000	-647.4132390540622	-647.4132390540622	-640.9595237285049	32.23906190745772	0.08519855595667872	0.08519855595667872	0.08519855595667872	0.2528735632183908	0.2528735632183908	0.2528735632183908	0.1797214493407256	0.8481441435912386	0.8321491586849825	1.1948449764687699	0.9118801900296416	0.7578004119976908	0.9987264393521774	1.2741200665387689	0.9979870552346043	0.8085541775726934	1.0	0.0	0.04	0.0	0.0	0.0	0.0	0.0	0.0	0.0
79000	-652.1798725103298	-652.1798725103298	-649.5615690068058	32.23906190745772	0.08519855595667872	0.08519855595667872	0.08519855595667872	0.2528735632183908	0.2528735632183908	0.2528735632183908	0.46847306834046565	1.0336744799756852	0.660589195478687	0.5426892473948997	0.930220226313924	0.7623631410702276	0.7760321435775762	1.1441572443789523	1.059652284368686	0.8306037670498293	1.0	0.0	0.04	0.0	0.0	0.0	0.0	0.0	0.0	0.0
80000	-650.2628599290977	-650.2628599290977	-646.9078320622954	32.23906190745772	0.08519855595667872	0.08519855595667872	0.08519855595667872	0.2528735632183908	0.2528735632183908	0.2528735632183908	0.3700375345619654	0.8048687452723694	0.8636152565902427	0.44547039307659797	0.6046763677106534	0.7195764044394425	1.1166057165108638	1.0773331039861667	1.0002905903952335	0.7755833978792974	1.0	0.0	0.04	0.0	0.0	0.0	0.0	0.0	0.0	0.0
81000	-648.263613958702	-648.263613958702	-643.8019084905376	32.23906190745772	0.08519855595667872	0.08519855595667872	0.08519855595667872	0.2528735632183908	0.2528735632183908	0.2528735632183908	0.24918519579616605	0.7542908950858083	0.9268135790647806	0.8088439045874998	0.9475384214343685	0.662216443030461	1.103810109834122	1.2691275297778013	0.9421590942107075	0.7796508981316512	1.0	0.0	0.04	0.0	0.0	0.0	0.0	0.0	0.0	0.0
82000	-651.077232946115	-651.077232946115	-645.0120764160283	32.23906190745772	0.08519855595667872	0.08519855595667872	0.08519855595667872	0.2528735632183908	0.2528735632183908	0.2528735632183908	0.18940190753686958	0.7960927007225306	0.8701619737691797	1.1003879118288324	0.8578904776772623	0.779157717540286	0.6492732165116429	1.4371583777689407	0.8721597097501926	0.7981995508952382	1.0	0.0	0.04	0.0	0.0	0.0	0.0	0.0	0.0	0.0
83000	-650.667053452416	-650.667053452416	-643.5559009688619	32.23906190745772	0.08519855595667872	0.08519855595667872	0.08519855595667872	0.2528735632183908	0.2528735632183908	0.2528735632183908	0.19192040284242803	0.804461501081756	0.7788688801781053	0.7923493796037848	1.1766638347453842	0.6594996579446423	0.47537375762119777	1.2487419950353806	0.9797377735729192	0.922218402243709	1.0	0.0	0.04	0.0	0.0	0.0	0.0	0.0	0.0	0.0
84000	-649.3080867790408	-649.3080867790408	-644.0991675057068	32.23906190745772	0.08519855595667872	0.08519855595667872	0.08519855595667872	0.2528735632183908	0.2528735632183908	0.2528735632183908	0.2174565267030482	0.8381755790578379	0.8836322296967848	0.7628362587408059	0.5779875345609176	0.7151197040322305	1.169433609362357	1.3512366666304891	0.9453647390356847	0.7144602275246218	1.0	0.0	0.04	0.0	0.0	0.0	0.0	0.0	0.0	0.0
85000	-649.3492709546665	-649.3492709546665	-642.6312018558724	32.23906190745772	0.08519855595667872	0.08519855595667872	0.08519855595667872	0.2528735632183908	0.2528735632183908	0.2528735632183908	0.21240630900070637	0.859849062350104	0.8062850005143068	1.1138658033100222	0.882253487612566	0.7426477985208952	1.4640990241893124	1.2009002709516596	0.9550270285240701	0.9241270159076188	1.0	0.0	0.04	0.0	0.0	0.0	0.0	0.0	0.0	0.0
86000	-648.113499053887	-648.113499053887	-644.5492648717817	32.23906190745772	0.08519855595667872	0.08519855595667872	0.08519855595667872	0.2528735632183908	0.2528735632183908	0.2528735632183908	0.449020904802228	0.8177694553334053	0.8313369686930363	1.6641985035138698	1.0157311762561116	0.7605047883604613	0.7183911257664009	1.3009766857200626	0.9957929248598311	0.8104348297141704	1.0	0.0	0.04	0.0	0.0	0.0	0.0	0.0	0.0	0.0
87000	-649.3989374308755	-649.3989374308755	-645.2927847841914	32.23906190745772	0.08519855595667872	0.08519855595667872	0.08519855595667872	0.2528735632183908	0.2528735632183908	0.2528735632183908	0.3844831857687465	0.8806851244394918	0.8261162254064512	1.1048998983472833	1.2587015977837313	0.7610324315070757	1.1018750380113396	1.1717556409824779	0.9061466703137627	0.9218077745760371	1.0	0.0	0.04	0.0	0.0	0.0	0.0	0.0	0.0	0.0
88000	-647.0217172853025	-647.0217172853025	-641.7056976062995	32.23906190745772	0.08519855595667872	0.08519855595667872	0.08519855595667872	0.2528735632183908	0.2528735632183908	0.2528735632183908	0.22178816517824107	0.7395533422015974	0.8073276013481538	0.7599163664887114	0.8993067765974272	0.8048436417902773	1.1040668803348417	1.2940001255337115	0.9577934980863665	0.8650669223103703	1.0	0.0	0.04	0.0	0.0	0.0	0.0	0.0	0.0	0.0
89000	-648.4318901997877	-648.4318901997877	-645.5123314182289	32.23906190745772	0.08519855595667872	0.08519855595667872	0.08519855595667872	0.2528735632183908	0.2528735632183908	0.2528735632183908	0.3880353002285481	0.8453916532306688	0.8178500982901089	0.8600589546580288	0.8923094315502149	0.9181247094503028	0.7277797518307006	1.2033727019079004	1.0092417931738715	0.8704084861019348	1.0	0.0	0.04	0.0	0.0	0.0	0.0	0.0	0.0	0.0
90000	-652.7859777292881	-652.7859777292881	-647.1417845532602	32.23906190745772	0.08519855595667872	0.08519855595667872	0.08519855595667872	0.2528735632183908	0.2528735632183908	0.2528735632183908	0.34368795978715383	0.6004180083409842	0.7972708217533104	2.259817700371601	0.8599895973595729	0.7536454686359706	0.7826044096445383	1.3100293596014265	0.8708195056811316	0.8725999119188642	1.0	0.0	0.04	0.0	0.0	0.0	0.0	0.0	0.0	0.0
91000	-647.9731332582484	-647.9731332582484	-644.921898237575	32.23906190745772	0.08519855595667872	0.08519855595667872	0.08519855595667872	0.2528735632183908	0.2528735632183908	0.2528735632183908	0.3608693780478567	0.7010853786628981	0.8666506814551151	1.0808686363228341	0.9884303097007117	0.7937449433083854	0.8147881925303391	1.2985943085425768	1.0498834699219208	0.7496069008524153	1.0	0.0	0.04	0.0	0.0	0.0	0.0	0.0	0.0	0.0
92000	-648.5950861757441	-648.5950861757441	-644.7441234799974	32.23906190745772	0.08519855595667872	0.08519855595667872	0.08519855595667872	0.2528735632183908	0.2528735632183908	0.2528735632183908	0.3668945189777341	0.8022474161815457	0.734688427122221	0.3643252193997197	0.981947937312087	0.6907276685145491	0.6885494767368365	1.228093658613138	1.0229043266163702	0.7627662227188691	1.0	0.0	0.04	0.0	0.0	0.0	0.0	0.0	0.0	0.0
93000	-652.3410829374506	-652.3410829374506	-646.3554499273522	32.23906190745772	0.08519855595667872	0.08519855595667872	0.08519855595667872	0.2528735632183908	0.2528735632183908	0.2528735632183908	0.2772989262608012	0.7175401319412706	0.822896299231409	2.0392647565428454	0.9168879451569525	0.9083215879430132	0.7197835292831769	1.456927409006324	1.0453754397733965	0.7892966767888138	1.0	0.0	0.04	0.0	0.0	0.0	0.0	0.0	0.0	0.0
94000	-649.1418980020132	-649.1418980020132	-645.1461878790028	32.23906190745772	0.08519855595667872	0.08519855595667872	0.08519855595667872	0.2528735632183908	0.2528735632183908	0.2528735632183908	0.35220219643358014	0.8253557040457636	0.8698826728172578	1.0736493568730834	1.3270827571169994	0.7680340661666274	1.072894686079341	1.270526576236249	1.0319215470369345	0.8329531100756579	1.0	0.0	0.04	0.0	0.0	0.0	0.0	0.0	0.0	0.0
95000	-650.6928506011884	-650.6928506011884	-642.8338439719001	32.23906190745772	0.08519855595667872	0.08519855595667872	0.08519855595667872	0.2528735632183908	0.2528735632183908	0.2528735632183908	0.19561323222648108	0.9312925977648454	0.8129817249540593	1.9813689507813836	1.304012685644677	0.7376150897954559	0.9052845939595812	1.2872807050442332	1.003702114887625	0.8164332468086216	1.0	0.0	0.04	0.0	0.0	0.0	0.0	0.0	0.0	0.0
96000	-649.8269418280312	-649.8269418280312	-645.0111495993978	32.23906190745772	0.08519855595667872	0.08519855595667872	0.08519855595667872	0.2528735632183908	0.2528735632183908	0.2528735632183908	0.2683076098499395	0.756694832651604	0.9037725399070442	1.0375464747374377	1.0283741524361991	0.7863619391612177	1.5010109048431137	1.3250693514742728	0.9949300448633477	0.6757396479999118	1.0	0.0	0.04	0.0	0.0	0.0	0.0	0.0	0.0	0.0
97000	-648.5195663262932	-648.5195663262932	-644.1805749129251	32.23906190745772	0.08519855595667872	0.08519855595667872	0.08519855595667872	0.2528735632183908	0.2528735632183908	0.2528735632183908	0.2961936928396646	0.8309600137516433	0.8973826703768302	0.9903044133696745	0.9743583760366531	0.7011947151982206	0.4210871285161205	1.2338761809585141	0.8887095609247062	0.8054500381144045	1.0	0.0	0.04	0.0	0.0	0.0	0.0	0.0	0.0	0.0
98000	-647.5634906840771	-647.5634906840771	-644.8888892833764	32.23906190745772	0.08519855595667872	0.08519855595667872	0.08519855595667872	0.2528735632183908	0.2528735632183908	0.2528735632183908	0.33151873158251355	0.8513665921889603	0.9389156410855124	0.7347182225110431	0.6622376683806888	0.7269999284447627	0.806847548042506	1.1492453171525026	0.9280770257929556	0.7092929363645529	1.0	0.0	0.04	0.0	0.0	0.0	0.0	0.0	0.0	0.0
99000	-651.8232165294677	-651.8232165294677	-649.2045581118373	32.23906190745772	0.08519855595667872	0.08519855595667872	0.08519855595667872	0.2528735632183908	0.2528735632183908	0.2528735632183908	0.41142183575670205	0.9438088558384873	0.9957560434671472	1.000297081930381	0.596167886000264	0.6106906160723032	0.7330586001085495	1.3164574781760718	1.0356743557674528	0.48804710595523754	1.0	0.0	0.04	0.0	0.0	0.0	0.0	0.0	0.0	0.0
100000	-649.8924524428155	-649.8924524428155	-642.8111561369443	32.23906190745772	0.08519855595667872	0.08519855595667872	0.08519855595667872	0.2528735632183908	0.2528735632183908	0.2528735632183908	0.1826864306484373	0.7899372938757936	0.7885175128330432	1.5839696136553372	0.6549489836499537	0.7582259333540645	0.49106896256499244	1.1289883901413007	1.0369193482389498	0.7981998820503512	1.0	0.0	0.04	0.0	0.0	0.0	0.0	0.0	0.0	0.0
101000	-648.9902299741826	-648.9902299741826	-641.8032567554425	32.23906190745772	0.08519855595667872	0.08519855595667872	0.08519855595667872	0.2528735632183908	0.2528735632183908	0.2528735632183908	0.17919488440088296	0.8335278065257187	0.7538788613095518	0.7402516023612075	1.1422129880530922	0.710589192147536	0.38515568542871986	1.249497529136934	0.9683458593756549	0.8154862931204667	1.0	0.0	0.04	0.0	0.0	0.0	0.0	0.0	0.0	0.0
102000	-651.1431063929418	-651.1431063929418	-645.8779543201845	32.23906190745772	0.08519855595667872	0.08519855595667872	0.08519855595667872	0.2528735632183908	0.2528735632183908	0.2528735632183908	0.38289486256538036	0.7126252561612685	0.8319780130525609	0.27902110802574526	1.1907624652052602	0.8191032551819705	0.7499456277613765	1.1784146159119853	0.9915850423687722	0.870318147565067	1.0	0.0	0.04	0.0	0.0	0.0	0.0	0.0	0.0	0.0
103000	-652.788838536215	-652.788838536215	-646.7188625299118	32.23906190745772	0.08519855595667872	0.08519855595667872	0.08519855595667872	0.2528735632183908	0.2528735632183908	0.2528735632183908	0.2405676421425364	0.7650288410633459	0.7240289889881524	1.717336832880598	0.6232552668732345	0.7284271800957051	1.2645479856403683	1.054803218251468	0.9691837293534536	0.8527252921611521	1.0	0.0	0.04	0.0	0.0	0.0	0.0	0.0	0.0	0.0
104000	-650.0361277265011	-650.0361277265011	-646.5362283268989	32.23906190745772	0.08519855595667872	0.08519855595667872	0.08519855595667872	0.2528735632183908	0.2528735632183908	0.2528735632183908	0.3862557118404338	0.652200243921369	0.9014140448160604	1.0152296622592256	1.2360419088731984	0.7464586478540051	0.5093380052912019	1.295578508981761	0.9560165834720051	0.7797071015981953	1.0	0.0	0.04	0.0	0.0	0.0	0.0	0.0	0.0	0.0
105000	-650.8799033135618	-650.8799033135618	-647.3281718627674	32.23906190745772	0.08519855595667872	0.08519855595667872	0.08519855595667872	0.2528735632183908	0.2528735632183908	0.2528735632183908	0.33307872562976043	0.9006280118189212	0.9812097917635249	1.401108109852073	0.6941781346171847	0.5698793423333248	0.8419555038382754	1.2689062216779894	0.8740491552079495	0.5880491107424622	1.0	0.0	0.04	0.0	0.0	0.0	0.0	0.0	0.0	0.0
106000	-651.4069484106163	-651.4069484106163	-645.8914812173284	32.23906190745772	0.08519855595667872	0.08519855595667872	0.08519855595667872	0.2528735632183908	0.2528735632183908	0.2528735632183908	0.22949171700595272	0.8962084018904386	0.6634434998436026	1.2701617147714095	0.9086169004517162	0.8271005438366349	0.794023800876033	1.3062199389145142	1.0742422776614957	0.8477614529813092	1.0	0.0	0.04	0.0	0.0	0.0	0.0	0.0	0.0	0.0
107000	-652.5584624433644	-652.5584624433644	-644.0494290220123	32.23906190745772	0.08519855595667872	0.08519855595667872	0.08519855595667872	0.2528735632183908	0.2528735632183908	0.2528735632183908	0.19723593514797239	0.760651629542888	0.9339568308956152	2.7759775405409313	0.9834478630525451	0.6292285319468971	0.5685229778265066	1.1830100565806512	1.0050397216635782	0.6202735106369938	1.0	0.0	0.04	0.0	0.0	0.0	0.0	0.0	0.0	0.0
108000	-648.9940666127927	-648.9940666127927	-644.7592071859642	32.23906190745772	0.08519855595667872	0.08519855595667872	0.08519855595667872	0.2528735632183908	0.2528735632183908	0.2528735632183908	0.2842676317884139	0.9196565506728875	0.9767050097789135	1.228918627304932	1.19030866300992	0.717906166474279	0.7824965702671819	1.2608423693071955	0.9304416501188898	0.7253443091079964	1.0	0.0	0.04	0.0	0.0	0.0	0.0	0.0	0.0	0.0
109000	-648.6950352288424	-648.6950352288424	-644.0572034697931	32.23906190745772	0.08519855595667872	0.08519855595667872	0.08519855595667872	0.2528735632183908	0.2528735632183908	0.2528735632183908	0.3737206283432529	0.8716295595851075	0.849670418624875	2.206830524211489	0.7009573971017596	0.721180036690597	0.9540198934967632	1.208290441547277	1.0184331739991297	0.7136593408935344	1.0	0.0	0.04	0.0	0.0	0.0	0.0	0.0	0.0	0.0
110000	-654.6866392704292	-654.6866392704292	-649.023814736284	32.23906190745772	0.08519855595667872	0.08519855595667872	0.08519855595667872	0.2528735632183908	0.2528735632183908	0.2528735632183908	0.19272966471545322	1.047667981903458	0.8164474589418095	1.014845830860124	0.5414480778753198	0.8952110207983867	0.8052972243307535	1.1222229276380464	1.0629400932149107	0.7001689858594073	1.0	0.0	0.04	0.0	0.0	0.0	0.0	0.0	0.0	0.0
111000	-647.9600735774561	-647.9600735774561	-642.8475251181552	32.23906190745772	0.08519855595667872	0.08519855595667872	0.08519855595667872	0.2528735632183908	0.2528735632183908	0.2528735632183908	0.21150893010211178	0.8851217729911264	0.847714200357571	1.068608875102758	0.8846065376379517	0.7845257993554824	0.6671484285827829	1.290479469620679	1.03990089975384	0.7165422762338242	1.0	0.0	0.04	0.0	0.0	0.0	0.0	0.0	0.0	0.0
112000	-649.0120960360877	-649.0120960360877	-644.9410087641324	32.23906190745772	0.08519855595667872	0.08519855595667872	0.08519855595667872	0.2528735632183908	0.2528735632183908	0.2528735632183908	0.3110160412695323	0.9402858380737532	0.8800566217769568	1.060050557956756	1.0806731555283573	0.7751585117125159	0.7561273447688672	1.2751268241746052	0.9947980879408341	0.8665328058450863	1.0	0.0	0.04	0.0	0.0	0.0	0.0	0.0	0.0	0.0
113000	-651.5650134177665	-651.5650134177665	-648.5354734571322	32.23906190745772	0.08519855595667872	0.08519855595667872	0.08519855595667872	0.2528735632183908	0.2528735632183908	0.2528735632183908	0.3521097321389498	0.9934594561528236	0.8611798550969161	0.7460321423120682	0.6144784850885444	0.6297087983817304	0.8693499584872727	1.1979633516246875	0.9683905555898666	0.7962815498296489	1.0	0.0	0.04	0.0	0.0	0.0	0.0	0.0	0.0	0.0
114000	-654.5077700348282	-654.5077700348282	-649.9423059062284	32.23906190745772	0.08519855595667872	0.08519855595667872	0.08519855595667872	0.2528735632183908	0.2528735632183908	0.2528735632183908	0.26706588065641884	0.7677613837734012	0.9328996134827613	1.6404070625844942	1.0108134059212268	0.745103555621101	0.6849011653923949	1.0084115140471277	1.0440837641488916	0.6675541837991953	1.0	0.0	0.04	0.0	0.0	0.0	0.0	0.0	0.0	0.0
115000	-649.061667314217	-649.061667314217	-644.6071774832435	32.23906190745772	0.08519855595667872	0.08519855595667872	0.08519855595667872	0.2528735632183908	0.2528735632183908	0.2528735632183908	0.25909321430162424	0.8443731642827378	0.7141393094832621	1.0011041955224012	0.8329917057534605	0.7041370538537277	1.2977197996353134	1.2179978201174069	1.0693440374818555	0.7241234251959511	1.0	0.0	0.04	0.0	0.0	0.0	0.0	0.0	0.0	0.0
116000	-649.3637639233165	-649.3637639233165	-645.8509463844588	32.23906190745772	0.08519855595667872	0.08519855595667872	0.08519855595667872	0.2528735632183908	0.2528735632183908	0.2528735632183908	0.4055826330446625	0.7390132996173948	0.7686827980690392	0.8827635433039074	1.199148173550869	0.8039572773081992	0.6159464569853013	1.3958762732034344	1.0585760234077823	0.8661622549032363	1.0	0.0	0.04	0.0	0.0	0.0	0.0	0.0	0.0	0.0
117000	-650.1399948332843	-650.1399948332843	-646.7510853864444	32.23906190745772	0.08519855595667872	0.08519855595667872	0.08519855595667872	0.2528735632183908	0.2528735632183908	0.2528735632183908	0.3731481675440406	0.8055235951839818	0.7097857254693217	0.7395735685269005	1.0105896165238586	0.7282723554038986	0.5695028551592715	1.4265994594290232	1.0351785681071177	0.823932832676179	1.0	0.0	0.04	0.0	0.0	0.0	0.0	0.0	0.0	0.0
118000	-649.386307306358	-649.386307306358	-642.2046908706113	32.23906190745772	0.08519855595667872	0.08519855595667872	0.08519855595667872	0.2528735632183908	0.2528735632183908	0.2528735632183908	0.21724079907734947	0.776056116042445	0.9253803259097565	2.4328172311441985	0.7363347151644095	0.7389659809350225	0.7107933049733389	1.2703610785124893	1.004838020443663	0.673443035471523	1.0	0.0	0.04	0.0	0.0	0.0	0.0	0.0	0.0	0.0
119000	-649.5607210667774	-649.5607210667774	-646.6191196890513	32.23906190745772	0.08519855595667872	0.08519855595667872	0.08519855595667872	0.2528735632183908	0.2528735632183908	0.2528735632183908	0.3791035799207845	0.9912062392629943	0.8843606482942897	1.1074352096406463	1.003697408985235	0.8638972435727599	0.8293929875490651	1.116296541299285	1.0079887628323156	0.8026542247356889	1.0	0.0	0.04	0.0	0.0	0.0	0.0	0.0	0.0	0.0
120000	-648.1562370004759	-648.1562370004759	-645.8651676896706	32.23906190745772	0.08519855595667872	0.08519855595667872	0.08519855595667872	0.2528735632183908	0.2528735632183908	0.2528735632183908	0.4643019531042853	0.6788265256706392	0.8477570656230852	0.8839231168435426	0.8770067161608515	0.7324978630749929	0.8612771583815988	1.3429554026115804	1.0330630949509079	0.7751623501838392	1.0	0.0	0.04	0.0	0.0	0.0	0.0	0.0	0.0	0.0
121000	-650.2286440549087	-650.2286440549087	-647.5092425668421	32.23906190745772	0.08519855595667872	0.08519855595667872	0.08519855595667872	0.2528735632183908	0.2528735632183908	0.2528735632183908	0.41297157141738344	0.8259195409969668	0.8457169806009418	0.8271548657497715	1.2054920219693606	0.6063138662826789	0.6902306696450412	1.357113131756803	0.89193004194148	0.7105712469462564	1.0	0.0	0.04	0.0	0.0	0.0	0.0	0.0	0.0	0.0
122000	-651.8010847812221	-651.8010847812221	-646.5211775295929	32.23906190745772	0.08519855595667872	0.08519855595667872	0.08519855595667872	0.2528735632183908	0.2528735632183908	0.2528735632183908	0.45278787206544846	0.7863317506081495	0.9934843947481804	2.5954143636504083	1.0186847723970622	0.7253969264745164	1.1687396862735389	1.255318628142998	0.9600280575582566	0.6843315108029332	1.0	0.0	0.04	0.0	0.0	0.0	0.0	0.0	0.0	0.0
123000	-648.8923716600484	-648.8923716600484	-644.9125268774843	32.23906190745772	0.08519855595667872	0.08519855595667872	0.08519855595667872	0.2528735632183908	0.2528735632183908	0.2528735632183908	0.33987335435793786	0.9005654518798029	0.8249477626723356	0.8425053721659357	0.8776258703291542	0.8000565569493201	1.4960928080908278	1.2108828763529402	1.002456986208187	0.8442320673951407	1.0	0.0	0.04	0.0	0.0	0.0	0.0	0.0	0.0	0.0
124000	-652.8381986972936	-652.8381986972936	-648.7649771464572	32.23906190745772	0.08519855595667872	0.08519855595667872	0.08519855595667872	0.2528735632183908	0.2528735632183908	0.2528735632183908	0.35858625650436443	0.726947397319382	0.6963841071195654	0.6256044753303937	0.6373953002694489	0.6888737938785994	1.6408818979133661	1.1837650282799508	0.9693435565882582	0.8296708778620879	1.0	0.0	0.04	0.0	0.0	0.0	0.0	0.0	0.0	0.0
125000	-647.7420472893915	-647.7420472893915	-643.3510907185054	32.23906190745772	0.08519855595667872	0.08519855595667872	0.08519855595667872	0.2528735632183908	0.2528735632183908	0.2528735632183908	0.28236013647340813	0.7742896400925954	0.7529378594067295	0.5259074025836487	0.7649429778480535	0.7536633796736526	0.9258737499714157	1.3406297516712282	0.9481165305491468	0.8694928106885721	1.0	0.0	0.04	0.0	0.0	0.0	0.0	0.0	0.0	0.0
126000	-647.368249735858	-647.368249735858	-643.9074828153698	32.23906190745772	0.08519855595667872	0.08519855595667872	0.08519855595667872	0.2528735632183908	0.2528735632183908	0.2528735632183908	0.33816748633640525	0.8412997571327692	0.8449966257817476	0.5522552470744213	0.8923804874959901	0.6825402207192305	0.47090632186390596	1.2156881048384647	1.0045181145224311	0.7135948307421583	1.0	0.0	0.04	0.0	0.0	0.0	0.0	0.0	0.0	0.0
127000	-655.222210663665	-655.222210663665	-652.7736865015513	32.23906190745772	0.08519855595667872	0.08519855595667872	0.08519855595667872	0.2528735632183908	0.2528735632183908	0.2528735632183908	0.7294805783224433	0.8442640717936704	0.9568621596258319	1.5186041257135878	1.0332487014263887	0.596959186783365	0.7152172646310906	1.2355190074218059	1.0701919796665529	0.5347313319467565	1.0	0.0	0.04	0.0	0.0	0.0	0.0	0.0	0.0	0.0
128000	-649.2357854115536	-649.2357854115536	-646.3606593940461	32.23906190745772	0.08519855595667872	0.08519855595667872	0.08519855595667872	0.2528735632183908	0.2528735632183908	0.2528735632183908	0.37823599059780055	0.890073162273697	0.8867131831494484	1.0226791489636446	1.1965654073324796	0.7061471709464678	1.056455162783702	1.1936531901116685	0.9489461460015187	0.6510199174130009	1.0	0.0	0.04	0.0	0.0	0.0	0.0	0.0	0.0	0.0
129000	-648.3605212773849	-648.3605212773849	-644.8286294035888	32.23906190745772	0.08519855595667872	0.08519855595667872	0.08519855595667872	0.2528735632183908	0.2528735632183908	0.2528735632183908	0.39042692498711457	0.8583377176463155	0.7494960858825219	1.3924641376231603	0.8738797011905112	0.7575892093137332	1.1983390790110533	1.2019925775541194	0.986309598664697	0.8116184863317933	1.0	0.0	0.04	0.0	0.0	0.0	0.0	0.0	0.0	0.0
130000	-648.647101999991	-648.647101999991	-645.8474329009581	32.23906190745772	0.08519855595667872	0.08519855595667872	0.08519855595667872	0.2528735632183908	0.2528735632183908	0.2528735632183908	0.39947887174433583	0.9045994916831686	0.8502820520370524	1.1283204980147021	0.9836021657066943	0.6352063587412857	1.1031816890340425	1.15485962538511	0.9378300909007549	0.7382073424922958	1.0	0.0	0.04	0.0	0.0	0.0	0.0	0.0	0.0	0.0
131000	-652.9856698253326	-652.9856698253326	-644.5774002886218	32.23906190745772	0.08519855595667872	0.08519855595667872	0.08519855595667872	0.2528735632183908	0.2528735632183908	0.2528735632183908	0.17392027490143142	0.863961211262719	0.8871400374881487	2.316868735473723	1.0735581309279003	0.74688502756982	0.5585634403405653	1.0669657251703055	0.935644304952734	0.7482264060948943	1.0	0.0	0.04	0.0	0.0	0.0	0.0	0.0	0.0	0.0
132000	-652.7527034625273	-652.7527034625273	-650.6570423324602	32.23906190745772	0.08519855595667872	0.08519855595667872	0.08519855595667872	0.2528735632183908	0.2528735632183908	0.2528735632183908	0.49218710604435917	0.7372978387530811	1.0062053686170864	0.6288388705776397	0.5410542206051867	0.8557893233262106	0.9684191274183511	1.1768210476198242	0.9885486751897137	0.662355940793064	1.0	0.0	0.04	0.0	0.0	0.0	0.0	0.0	0.0	0.0
133000	-655.1268733004805	-655.1268733004805	-647.3784337116763	32.23906190745772	0.08519855595667872	0.08519855595667872	0.08519855595667872	0.2528735632183908	0.2528735632183908	0.2528735632183908	0.16087678806883252	0.9259416236711343	0.8350051010169762	1.44985913445215	0.9230174192351848	0.8461866838475635	1.462080597725485	0.9944980843699207	1.0411655639493247	0.7459600959860284	1.0	0.0	0.04	0.0	0.0	0.0	0.0	0.0	0.0	0.0
134000	-651.6013024015081	-651.6013024015081	-644.3054397293431	32.23906190745772	0.08519855595667872	0.08519855595667872	0.08519855595667872	0.2528735632183908	0.2528735632183908	0.2528735632183908	0.14896079057761566	0.6864478124929848	0.9560532375624687	0.6597381764513994	0.8843618306269365	0.5891706251868633	0.8619468351515487	1.4317498940390572	0.932622380823516	0.6783999579462274	1.0	0.0	0.04	0.0	0.0	0.0	0.0	0.0	0.0	0.0
135000	-648.937558866708	-648.937558866708	-645.232168702551	32.23906190745772	0.08519855595667872	0.08519855595667872	0.08519855595667872	0.2528735632183908	0.2528735632183908	0.2528735632183908	0.2784919912445665	0.8465822114426393	0.7919430777464292	0.6075233934547091	0.6111543795236871	0.8125311158148636	0.8385608565546631	1.2537517018349353	1.0606275033903383	0.7001000046238673	1.0	0.0	0.04	0.0	0.0	0.0	0.0	0.0	0.0	0.0
136000	-656.800646980062	-656.800646980062	-649.2912155856465	32.23906190745772	0.08519855595667872	0.08519855595667872	0.08519855595667872	0.2528735632183908	0.2528735632183908	0.2528735632183908	0.158842205838486	0.6613016787107249	0.710266534095302	0.3840962769796982	0.6110674555125734	0.6265773783373016	0.824898227907279	1.2418576390656502	1.0805786080450155	0.5588898457375282	1.0	0.0	0.04	0.0	0.0	0.0	0.0	0.0	0.0	0.0
137000	-647.2141756503613	-647.2141756503613	-642.7498664581943	32.23906190745772	0.08519855595667872	0.08519855595667872	0.08519855595667872	0.2528735632183908	0.2528735632183908	0.2528735632183908	0.2533769088179884	0.7643963007098924	0.8039636646230754	1.0753688966839872	1.1458729093900462	0.7074521632751445	0.7025812522278161	1.2996212192668595	0.9747394909369435	0.742001668200133	1.0	0.0	0.04	0.0	0.0	0.0	0.0	0.0	0.0	0.0
138000	-655.2291888171715	-655.2291888171715	-651.1966256906173	32.23906190745772	0.08519855595667872	0.08519855595667872	0.08519855595667872	0.2528735632183908	0.2528735632183908	0.2528735632183908	0.3352291969051326	1.0681411270061978	0.9718946894265237	0.4197759700322204	0.7763621681415075	0.9049557643743938	1.1621726676254502	1.0324303003383517	0.9683888805342563	0.7952273696057853	1.0	0.0	0.04	0.0	0.0	0.0	0.0	0.0	0.0	0.0
139000	-650.3720219514661	-650.3720219514661	-645.4731002347716	32.23906190745772	0.08519855595667872	0.08519855595667872	0.08519855595667872	0.2528735632183908	0.2528735632183908	0.2528735632183908	0.30595506971676956	0.7712835451673531	0.9517392440888619	1.6092238967201713	0.721897382635073	0.8120946208946794	0.9490634696848013	1.3618514846131509	0.959744958740457	0.8568756410090619	1.0	0.0	0.04	0.0	0.0	0.0	0.0	0.0	0.0	0.0
140000	-652.0115789048377	-652.0115789048377	-644.2474708047457	32.23906190745772	0.08519855595667872	0.08519855595667872	0.08519855595667872	0.2528735632183908	0.2528735632183908	0.2528735632183908	0.1708656530939911	0.6309443278902501	0.956626064429958	1.32791306623698	1.1399412728063019	0.817664283942648	1.1039702685784856	1.4162636026483741	0.9713158617430414	0.828828212143741	1.0	0.0	0.04	0.0	0.0	0.0	0.0	0.0	0.0	0.0
141000	-650.3646883607099	-650.3646883607099	-647.6352716530449	32.23906190745772	0.08519855595667872	0.08519855595667872	0.08519855595667872	0.2528735632183908	0.2528735632183908	0.2528735632183908	0.402357603599147	0.89536478519005	0.736753767214476	0.6155819664240493	0.9767339667734722	0.6436339375825907	1.153297278666076	1.2641224805032254	0.9654328383684869	0.6892816861689722	1.0	0.0	0.04	0.0	0.0	0.0	0.0	0.0	0.0	0.0
142000	-652.4738857007706	-652.4738857007706	-646.6784248726201	32.23906190745772	0.08519855595667872	0.08519855595667872	0.08519855595667872	0.2528735632183908	0.2528735632183908	0.2528735632183908	0.2664376949947644	1.0646503585395901	0.8012314187951742	1.4153398155015284	0.7223149298124811	0.8105226641826457	0.3486429344225212	1.1031656513529549	1.0309316497164729	0.7798453643285241	1.0	0.0	0.04	0.0	0.0	0.0	0.0	0.0	0.0	0.0
143000	-649.1833997385463	-649.1833997385463	-647.2651976581008	32.23906190745772	0.08519855595667872	0.08519855595667872	0.08519855595667872	0.2528735632183908	0.2528735632183908	0.2528735632183908	0.48146115068471496	0.9384199630249864	0.9064290476381802	0.774760836131456	0.967959536581747	0.756830258531708	0.9592911584126881	1.121479321169457	1.0371922766529706	0.7244848303723841	1.0	0.0	0.04	0.0	0.0	0.0	0.0	0.0	0.0	0.0
144000	-647.8860817829645	-647.8860817829645	-643.5224934608158	32.23906190745772	0.08519855595667872	0.08519855595667872	0.08519855595667872	0.2528735632183908	0.2528735632183908	0.2528735632183908	0.3376621925248481	0.8121057355445775	0.8916577367862144	1.7777242132543756	0.8647492681309257	0.8143451842958741	0.9058598256074012	1.2747599674011845	1.0008034803379393	0.7810149271064313	1.0	0.0	0.04	0.0	0.0	0.0	0.0	0.0	0.0	0.0
145000	-647.944251025754	-647.944251025754	-644.1886250536062	32.23906190745772	0.08519855595667872	0.08519855595667872	0.08519855595667872	0.2528735632183908	0.2528735632183908	0.2528735632183908	0.293410586595772	0.7358793906058595	0.8142386335142242	1.0796038443907099	0.8176395716372155	0.7183635940731024	0.7421770937103607	1.1835155250261824	1.0367623245023458	0.8333749249954038	1.0	0.0	0.04	0.0	0.0	0.0	0.0	0.0	0.0	0.0
